2016-01-01 00	18604
2016-01-01 01	28702
2016-01-01 02	26324
2016-01-01 03	22369
2016-01-01 04	17115
2016-01-01 05	9184
2016-01-01 06	6337
2016-01-01 07	5517
2016-01-01 08	4954
2016-01-01 09	5754
2016-01-01 10	8006
2016-01-01 11	11147
2016-01-01 12	13792
2016-01-01 13	15110
2016-01-01 14	16286
2016-01-01 15	16185
2016-01-01 16	14964
2016-01-01 17	15361
2016-01-01 18	16731
2016-01-01 19	16091
2016-01-01 20	13687
2016-01-01 21	13069
2016-01-01 22	13549
2016-01-01 23	13016
2016-01-02 00	12033
2016-01-02 01	8951
2016-01-02 02	6967
2016-01-02 03	5523
2016-01-02 04	4489
2016-01-02 05	2409
2016-01-02 06	3090
2016-01-02 07	4122
2016-01-02 08	5813
2016-01-02 09	8693
2016-01-02 10	12050
2016-01-02 11	14531
2016-01-02 12	16677
2016-01-02 13	17668
2016-01-02 14	17357
2016-01-02 15	18362
2016-01-02 16	18047
2016-01-02 17	18450
2016-01-02 18	20421
2016-01-02 19	21278
2016-01-02 20	18299
2016-01-02 21	17830
2016-01-02 22	19102
2016-01-02 23	19256
2016-01-03 00	19166
2016-01-03 01	16330
2016-01-03 02	13860
2016-01-03 03	10561
2016-01-03 04	7991
2016-01-03 05	3622
2016-01-03 06	3386
2016-01-03 07	4187
2016-01-03 08	5737
2016-01-03 09	8689
2016-01-03 10	12527
2016-01-03 11	14782
2016-01-03 12	16710
2016-01-03 13	17048
2016-01-03 14	17199
2016-01-03 15	17396
2016-01-03 16	17663
2016-01-03 17	17535
2016-01-03 18	18342
2016-01-03 19	16184
2016-01-03 20	14064
2016-01-03 21	12526
2016-01-03 22	10949
2016-01-03 23	8874
2016-01-04 00	6497
2016-01-04 01	3904
2016-01-04 02	2605
2016-01-04 03	1651
2016-01-04 04	1865
2016-01-04 05	3049
2016-01-04 06	8324
2016-01-04 07	14462
2016-01-04 08	18483
2016-01-04 09	18244
2016-01-04 10	14847
2016-01-04 11	13921
2016-01-04 12	14791
2016-01-04 13	14575
2016-01-04 14	16335
2016-01-04 15	18034
2016-01-04 16	16888
2016-01-04 17	19451
2016-01-04 18	23329
2016-01-04 19	23064
2016-01-04 20	19246
2016-01-04 21	17017
2016-01-04 22	15286
2016-01-04 23	10354
2016-01-05 00	7374
2016-01-05 01	4693
2016-01-05 02	2674
2016-01-05 03	1758
2016-01-05 04	1693
2016-01-05 05	3119
2016-01-05 06	8856
2016-01-05 07	16507
2016-01-05 08	21774
2016-01-05 09	20733
2016-01-05 10	17279
2016-01-05 11	16194
2016-01-05 12	16977
2016-01-05 13	16153
2016-01-05 14	17227
2016-01-05 15	19099
2016-01-05 16	16734
2016-01-05 17	18316
2016-01-05 18	23370
2016-01-05 19	22837
2016-01-05 20	20552
2016-01-05 21	19904
2016-01-05 22	16919
2016-01-05 23	12328
2016-01-06 00	7987
2016-01-06 01	4860
2016-01-06 02	2942
2016-01-06 03	1970
2016-01-06 04	1989
2016-01-06 05	2900
2016-01-06 06	8203
2016-01-06 07	15894
2016-01-06 08	20490
2016-01-06 09	20237
2016-01-06 10	17223
2016-01-06 11	16095
2016-01-06 12	16961
2016-01-06 13	16541
2016-01-06 14	17259
2016-01-06 15	18342
2016-01-06 16	16193
2016-01-06 17	18190
2016-01-06 18	23319
2016-01-06 19	24266
2016-01-06 20	21949
2016-01-06 21	21026
2016-01-06 22	19402
2016-01-06 23	14017
2016-01-07 00	9123
2016-01-07 01	5664
2016-01-07 02	3544
2016-01-07 03	2206
2016-01-07 04	2108
2016-01-07 05	3108
2016-01-07 06	8642
2016-01-07 07	16194
2016-01-07 08	20384
2016-01-07 09	20145
2016-01-07 10	17146
2016-01-07 11	16055
2016-01-07 12	17259
2016-01-07 13	16561
2016-01-07 14	18106
2016-01-07 15	18807
2016-01-07 16	16442
2016-01-07 17	17863
2016-01-07 18	23825
2016-01-07 19	24937
2016-01-07 20	22923
2016-01-07 21	22654
2016-01-07 22	21931
2016-01-07 23	18459
2016-01-08 00	12468
2016-01-08 01	8150
2016-01-08 02	5396
2016-01-08 03	3408
2016-01-08 04	2912
2016-01-08 05	3287
2016-01-08 06	8095
2016-01-08 07	15847
2016-01-08 08	20048
2016-01-08 09	20305
2016-01-08 10	17790
2016-01-08 11	17139
2016-01-08 12	18399
2016-01-08 13	17401
2016-01-08 14	19265
2016-01-08 15	19701
2016-01-08 16	17442
2016-01-08 17	19020
2016-01-08 18	24739
2016-01-08 19	26776
2016-01-08 20	23416
2016-01-08 21	22387
2016-01-08 22	23402
2016-01-08 23	23097
2016-01-09 00	22060
2016-01-09 01	19165
2016-01-09 02	15725
2016-01-09 03	11378
2016-01-09 04	7718
2016-01-09 05	3407
2016-01-09 06	3936
2016-01-09 07	6223
2016-01-09 08	8640
2016-01-09 09	13405
2016-01-09 10	16072
2016-01-09 11	18085
2016-01-09 12	22229
2016-01-09 13	21124
2016-01-09 14	19540
2016-01-09 15	20589
2016-01-09 16	20237
2016-01-09 17	20510
2016-01-09 18	23319
2016-01-09 19	24811
2016-01-09 20	21223
2016-01-09 21	20430
2016-01-09 22	22226
2016-01-09 23	23723
2016-01-10 00	25250
2016-01-10 01	21964
2016-01-10 02	18872
2016-01-10 03	14244
2016-01-10 04	9413
2016-01-10 05	3583
2016-01-10 06	3368
2016-01-10 07	4977
2016-01-10 08	7995
2016-01-10 09	10821
2016-01-10 10	15404
2016-01-10 11	18361
2016-01-10 12	19890
2016-01-10 13	18593
2016-01-10 14	18089
2016-01-10 15	19511
2016-01-10 16	19131
2016-01-10 17	18100
2016-01-10 18	19126
2016-01-10 19	16993
2016-01-10 20	14663
2016-01-10 21	13681
2016-01-10 22	12822
2016-01-10 23	10378
2016-01-11 00	6869
2016-01-11 01	4317
2016-01-11 02	2583
2016-01-11 03	1686
2016-01-11 04	1980
2016-01-11 05	3225
2016-01-11 06	8814
2016-01-11 07	15738
2016-01-11 08	19516
2016-01-11 09	19844
2016-01-11 10	16946
2016-01-11 11	16009
2016-01-11 12	16720
2016-01-11 13	16047
2016-01-11 14	17250
2016-01-11 15	18542
2016-01-11 16	17251
2016-01-11 17	19575
2016-01-11 18	24292
2016-01-11 19	24216
2016-01-11 20	22070
2016-01-11 21	19982
2016-01-11 22	17235
2016-01-11 23	11914
2016-01-12 00	8963
2016-01-12 01	5080
2016-01-12 02	2881
2016-01-12 03	1972
2016-01-12 04	1953
2016-01-12 05	3084
2016-01-12 06	8474
2016-01-12 07	16351
2016-01-12 08	21707
2016-01-12 09	21253
2016-01-12 10	17947
2016-01-12 11	19050
2016-01-12 12	17697
2016-01-12 13	16956
2016-01-12 14	18189
2016-01-12 15	18860
2016-01-12 16	17004
2016-01-12 17	18656
2016-01-12 18	23801
2016-01-12 19	24103
2016-01-12 20	22659
2016-01-12 21	23406
2016-01-12 22	21789
2016-01-12 23	15150
2016-01-13 00	9697
2016-01-13 01	5440
2016-01-13 02	3366
2016-01-13 03	2190
2016-01-13 04	2202
2016-01-13 05	3291
2016-01-13 06	9168
2016-01-13 07	17608
2016-01-13 08	22736
2016-01-13 09	21756
2016-01-13 10	18995
2016-01-13 11	18161
2016-01-13 12	19412
2016-01-13 13	18230
2016-01-13 14	19785
2016-01-13 15	20225
2016-01-13 16	17836
2016-01-13 17	19965
2016-01-13 18	25926
2016-01-13 19	27261
2016-01-13 20	25865
2016-01-13 21	25300
2016-01-13 22	22940
2016-01-13 23	17239
2016-01-14 00	10990
2016-01-14 01	6426
2016-01-14 02	3902
2016-01-14 03	2645
2016-01-14 04	2297
2016-01-14 05	3389
2016-01-14 06	9019
2016-01-14 07	17429
2016-01-14 08	22221
2016-01-14 09	21596
2016-01-14 10	18352
2016-01-14 11	17823
2016-01-14 12	19662
2016-01-14 13	18670
2016-01-14 14	20002
2016-01-14 15	20803
2016-01-14 16	17480
2016-01-14 17	18843
2016-01-14 18	24347
2016-01-14 19	26006
2016-01-14 20	25235
2016-01-14 21	24714
2016-01-14 22	23893
2016-01-14 23	19710
2016-01-15 00	14669
2016-01-15 01	9363
2016-01-15 02	5928
2016-01-15 03	3980
2016-01-15 04	3410
2016-01-15 05	3697
2016-01-15 06	8730
2016-01-15 07	16487
2016-01-15 08	21109
2016-01-15 09	20551
2016-01-15 10	17717
2016-01-15 11	17124
2016-01-15 12	18482
2016-01-15 13	17937
2016-01-15 14	19332
2016-01-15 15	19956
2016-01-15 16	17339
2016-01-15 17	19431
2016-01-15 18	25004
2016-01-15 19	26470
2016-01-15 20	23731
2016-01-15 21	23338
2016-01-15 22	22626
2016-01-15 23	23484
2016-01-16 00	21720
2016-01-16 01	20426
2016-01-16 02	17040
2016-01-16 03	11637
2016-01-16 04	8149
2016-01-16 05	3793
2016-01-16 06	4196
2016-01-16 07	5967
2016-01-16 08	8987
2016-01-16 09	12793
2016-01-16 10	15685
2016-01-16 11	17798
2016-01-16 12	19503
2016-01-16 13	20176
2016-01-16 14	19827
2016-01-16 15	20627
2016-01-16 16	21258
2016-01-16 17	22288
2016-01-16 18	24557
2016-01-16 19	24605
2016-01-16 20	22651
2016-01-16 21	20715
2016-01-16 22	22767
2016-01-16 23	24101
2016-01-17 00	24491
2016-01-17 01	21450
2016-01-17 02	19011
2016-01-17 03	14293
2016-01-17 04	9778
2016-01-17 05	3973
2016-01-17 06	3581
2016-01-17 07	4821
2016-01-17 08	7313
2016-01-17 09	10717
2016-01-17 10	14849
2016-01-17 11	17882
2016-01-17 12	20813
2016-01-17 13	21489
2016-01-17 14	20940
2016-01-17 15	20395
2016-01-17 16	20859
2016-01-17 17	20443
2016-01-17 18	21372
2016-01-17 19	19536
2016-01-17 20	17663
2016-01-17 21	16324
2016-01-17 22	16328
2016-01-17 23	13917
2016-01-18 00	11334
2016-01-18 01	7886
2016-01-18 02	5399
2016-01-18 03	3759
2016-01-18 04	3058
2016-01-18 05	2610
2016-01-18 06	4870
2016-01-18 07	7896
2016-01-18 08	12034
2016-01-18 09	15072
2016-01-18 10	15997
2016-01-18 11	17350
2016-01-18 12	19739
2016-01-18 13	19902
2016-01-18 14	20465
2016-01-18 15	21451
2016-01-18 16	20325
2016-01-18 17	21487
2016-01-18 18	24547
2016-01-18 19	22852
2016-01-18 20	19312
2016-01-18 21	17157
2016-01-18 22	16092
2016-01-18 23	11614
2016-01-19 00	8371
2016-01-19 01	4858
2016-01-19 02	2558
2016-01-19 03	1694
2016-01-19 04	1801
2016-01-19 05	3354
2016-01-19 06	9620
2016-01-19 07	18371
2016-01-19 08	22901
2016-01-19 09	22389
2016-01-19 10	19771
2016-01-19 11	19123
2016-01-19 12	19542
2016-01-19 13	19101
2016-01-19 14	19778
2016-01-19 15	20649
2016-01-19 16	17979
2016-01-19 17	19513
2016-01-19 18	25061
2016-01-19 19	25878
2016-01-19 20	24292
2016-01-19 21	23230
2016-01-19 22	20448
2016-01-19 23	14357
2016-01-20 00	9588
2016-01-20 01	5710
2016-01-20 02	3171
2016-01-20 03	2250
2016-01-20 04	2100
2016-01-20 05	3354
2016-01-20 06	9021
2016-01-20 07	17191
2016-01-20 08	21826
2016-01-20 09	21253
2016-01-20 10	18571
2016-01-20 11	17978
2016-01-20 12	18660
2016-01-20 13	17698
2016-01-20 14	19085
2016-01-20 15	19528
2016-01-20 16	17069
2016-01-20 17	18608
2016-01-20 18	24489
2016-01-20 19	25911
2016-01-20 20	24408
2016-01-20 21	24336
2016-01-20 22	22894
2016-01-20 23	17144
2016-01-21 00	10453
2016-01-21 01	6374
2016-01-21 02	3892
2016-01-21 03	2565
2016-01-21 04	2379
2016-01-21 05	3336
2016-01-21 06	9158
2016-01-21 07	17418
2016-01-21 08	21601
2016-01-21 09	21580
2016-01-21 10	18527
2016-01-21 11	17798
2016-01-21 12	19090
2016-01-21 13	18406
2016-01-21 14	19699
2016-01-21 15	19676
2016-01-21 16	17700
2016-01-21 17	19208
2016-01-21 18	25330
2016-01-21 19	27226
2016-01-21 20	25902
2016-01-21 21	25912
2016-01-21 22	24395
2016-01-21 23	20854
2016-01-22 00	15749
2016-01-22 01	9752
2016-01-22 02	6132
2016-01-22 03	4024
2016-01-22 04	3440
2016-01-22 05	3752
2016-01-22 06	8972
2016-01-22 07	17019
2016-01-22 08	21970
2016-01-22 09	21541
2016-01-22 10	18928
2016-01-22 11	18266
2016-01-22 12	19949
2016-01-22 13	19535
2016-01-22 14	20933
2016-01-22 15	20876
2016-01-22 16	18681
2016-01-22 17	20525
2016-01-22 18	26552
2016-01-22 19	28753
2016-01-22 20	24717
2016-01-22 21	22808
2016-01-22 22	23701
2016-01-22 23	22547
2016-01-23 00	19633
2016-01-23 01	14908
2016-01-23 02	11331
2016-01-23 03	8439
2016-01-23 04	5014
2016-01-23 05	2053
2016-01-23 06	1543
2016-01-23 07	1757
2016-01-23 08	1992
2016-01-23 09	2315
2016-01-23 10	2600
2016-01-23 11	2990
2016-01-23 12	3028
2016-01-23 13	2706
2016-01-23 14	1575
2016-01-23 15	710
2016-01-23 16	254
2016-01-23 17	99
2016-01-23 18	77
2016-01-23 19	60
2016-01-23 20	51
2016-01-23 21	47
2016-01-23 22	48
2016-01-23 23	55
2016-01-24 00	72
2016-01-24 01	43
2016-01-24 02	28
2016-01-24 03	31
2016-01-24 04	22
2016-01-24 05	29
2016-01-24 06	89
2016-01-24 07	519
2016-01-24 08	1221
2016-01-24 09	2477
2016-01-24 10	4532
2016-01-24 11	6990
2016-01-24 12	8984
2016-01-24 13	10069
2016-01-24 14	11462
2016-01-24 15	12882
2016-01-24 16	12248
2016-01-24 17	12851
2016-01-24 18	14270
2016-01-24 19	15173
2016-01-24 20	12350
2016-01-24 21	11861
2016-01-24 22	11496
2016-01-24 23	8392
2016-01-25 00	6299
2016-01-25 01	3821
2016-01-25 02	2748
2016-01-25 03	1799
2016-01-25 04	2141
2016-01-25 05	3194
2016-01-25 06	6934
2016-01-25 07	11246
2016-01-25 08	13533
2016-01-25 09	13972
2016-01-25 10	13329
2016-01-25 11	12490
2016-01-25 12	13338
2016-01-25 13	12728
2016-01-25 14	13796
2016-01-25 15	14741
2016-01-25 16	14046
2016-01-25 17	15306
2016-01-25 18	19516
2016-01-25 19	20763
2016-01-25 20	19111
2016-01-25 21	17786
2016-01-25 22	16324
2016-01-25 23	12269
2016-01-26 00	8553
2016-01-26 01	5205
2016-01-26 02	2931
2016-01-26 03	1854
2016-01-26 04	1979
2016-01-26 05	3336
2016-01-26 06	8297
2016-01-26 07	14842
2016-01-26 08	17626
2016-01-26 09	17459
2016-01-26 10	15423
2016-01-26 11	14236
2016-01-26 12	15133
2016-01-26 13	14799
2016-01-26 14	15576
2016-01-26 15	16471
2016-01-26 16	14235
2016-01-26 17	15655
2016-01-26 18	21336
2016-01-26 19	22671
2016-01-26 20	21511
2016-01-26 21	21162
2016-01-26 22	20723
2016-01-26 23	16232
2016-01-27 00	9997
2016-01-27 01	5819
2016-01-27 02	3561
2016-01-27 03	2323
2016-01-27 04	2244
2016-01-27 05	3276
2016-01-27 06	8651
2016-01-27 07	15825
2016-01-27 08	19374
2016-01-27 09	19168
2016-01-27 10	16620
2016-01-27 11	15160
2016-01-27 12	16349
2016-01-27 13	15881
2016-01-27 14	16779
2016-01-27 15	17386
2016-01-27 16	15316
2016-01-27 17	17192
2016-01-27 18	23213
2016-01-27 19	25235
2016-01-27 20	23568
2016-01-27 21	23388
2016-01-27 22	22797
2016-01-27 23	19253
2016-01-28 00	12505
2016-01-28 01	6930
2016-01-28 02	4244
2016-01-28 03	2804
2016-01-28 04	2470
2016-01-28 05	3462
2016-01-28 06	9097
2016-01-28 07	16555
2016-01-28 08	20181
2016-01-28 09	19819
2016-01-28 10	17521
2016-01-28 11	16603
2016-01-28 12	17412
2016-01-28 13	16544
2016-01-28 14	17797
2016-01-28 15	18607
2016-01-28 16	16138
2016-01-28 17	17587
2016-01-28 18	23726
2016-01-28 19	26199
2016-01-28 20	24985
2016-01-28 21	25186
2016-01-28 22	24483
2016-01-28 23	21877
2016-01-29 00	15598
2016-01-29 01	10009
2016-01-29 02	6573
2016-01-29 03	4150
2016-01-29 04	3549
2016-01-29 05	3609
2016-01-29 06	8750
2016-01-29 07	16421
2016-01-29 08	20877
2016-01-29 09	20048
2016-01-29 10	17516
2016-01-29 11	16637
2016-01-29 12	18270
2016-01-29 13	18796
2016-01-29 14	19413
2016-01-29 15	19297
2016-01-29 16	17268
2016-01-29 17	19456
2016-01-29 18	25498
2016-01-29 19	28096
2016-01-29 20	26017
2016-01-29 21	24924
2016-01-29 22	26013
2016-01-29 23	25329
2016-01-30 00	24132
2016-01-30 01	21052
2016-01-30 02	17576
2016-01-30 03	13073
2016-01-30 04	9109
2016-01-30 05	3989
2016-01-30 06	4209
2016-01-30 07	6193
2016-01-30 08	9891
2016-01-30 09	14091
2016-01-30 10	17343
2016-01-30 11	19450
2016-01-30 12	21227
2016-01-30 13	21892
2016-01-30 14	20586
2016-01-30 15	20968
2016-01-30 16	20056
2016-01-30 17	21341
2016-01-30 18	25649
2016-01-30 19	27000
2016-01-30 20	23657
2016-01-30 21	22542
2016-01-30 22	24298
2016-01-30 23	25806
2016-01-31 00	24847
2016-01-31 01	22264
2016-01-31 02	19407
2016-01-31 03	15302
2016-01-31 04	10714
2016-01-31 05	4507
2016-01-31 06	3803
2016-01-31 07	4839
2016-01-31 08	7682
2016-01-31 09	11290
2016-01-31 10	15244
2016-01-31 11	18081
2016-01-31 12	19159
2016-01-31 13	19447
2016-01-31 14	19204
2016-01-31 15	18794
2016-01-31 16	18701
2016-01-31 17	19246
2016-01-31 18	21349
2016-01-31 19	18655
2016-01-31 20	15619
2016-01-31 21	14225
2016-01-31 22	13600
2016-01-31 23	9833
2016-02-01 00	1824
2016-02-01 01	51
2016-02-01 02	44
2016-02-01 03	29
2016-02-01 04	18
2016-02-01 05	7
2016-02-01 06	2
2016-02-01 07	3
2016-02-01 08	10
2016-02-01 09	20
2016-02-01 10	30
2016-02-01 11	24
2016-02-01 12	23
2016-02-01 13	26
2016-02-01 14	31
2016-02-01 15	23
2016-02-01 16	34
2016-02-01 17	35
2016-02-01 18	32
2016-02-01 19	31
2016-02-01 20	18
2016-02-01 21	20
2016-02-01 22	22
2016-02-01 23	6
2016-02-02 17	1
2016-02-02 21	1
2016-02-03 08	1
2016-02-05 17	1
2016-02-06 18	1
2016-02-11 15	1
2016-02-12 11	1
2016-03-01 14	1
2016-03-19 20	1
2016-03-28 12	1
tpep_dropoff_	1
