0	0
2016-02-01 00	5341
2016-02-01 01	4114
2016-02-01 02	2631
2016-02-01 03	1775
2016-02-01 04	2008
2016-02-01 05	3586
2016-02-01 06	8886
2016-02-01 07	15682
2016-02-01 08	19645
2016-02-01 09	19236
2016-02-01 10	15980
2016-02-01 11	14943
2016-02-01 12	15869
2016-02-01 13	16302
2016-02-01 14	17745
2016-02-01 15	19696
2016-02-01 16	18591
2016-02-01 17	19611
2016-02-01 18	23877
2016-02-01 19	23917
2016-02-01 20	20887
2016-02-01 21	19853
2016-02-01 22	17550
2016-02-01 23	11594
2016-02-02 00	7570
2016-02-02 01	4399
2016-02-02 02	2708
2016-02-02 03	1682
2016-02-02 04	1961
2016-02-02 05	3326
2016-02-02 06	8823
2016-02-02 07	16423
2016-02-02 08	20821
2016-02-02 09	20145
2016-02-02 10	17540
2016-02-02 11	16523
2016-02-02 12	17494
2016-02-02 13	16794
2016-02-02 14	17710
2016-02-02 15	18828
2016-02-02 16	16917
2016-02-02 17	18482
2016-02-02 18	23960
2016-02-02 19	24789
2016-02-02 20	23702
2016-02-02 21	23991
2016-02-02 22	22186
2016-02-02 23	15515
2016-02-03 00	10061
2016-02-03 01	5647
2016-02-03 02	3455
2016-02-03 03	2247
2016-02-03 04	2144
2016-02-03 05	3303
2016-02-03 06	8826
2016-02-03 07	17498
2016-02-03 08	22247
2016-02-03 09	21152
2016-02-03 10	17932
2016-02-03 11	16796
2016-02-03 12	19295
2016-02-03 13	19789
2016-02-03 14	20457
2016-02-03 15	20178
2016-02-03 16	16121
2016-02-03 17	17360
2016-02-03 18	22169
2016-02-03 19	24338
2016-02-03 20	22707
2016-02-03 21	22140
2016-02-03 22	19835
2016-02-03 23	16134
2016-02-04 00	10858
2016-02-04 01	6277
2016-02-04 02	3669
2016-02-04 03	2339
2016-02-04 04	2321
2016-02-04 05	3421
2016-02-04 06	9145
2016-02-04 07	17019
2016-02-04 08	21700
2016-02-04 09	21578
2016-02-04 10	18062
2016-02-04 11	16583
2016-02-04 12	18392
2016-02-04 13	17774
2016-02-04 14	19446
2016-02-04 15	19867
2016-02-04 16	16833
2016-02-04 17	18903
2016-02-04 18	24560
2016-02-04 19	26690
2016-02-04 20	26111
2016-02-04 21	25501
2016-02-04 22	24950
2016-02-04 23	21382
2016-02-05 00	15837
2016-02-05 01	9468
2016-02-05 02	6236
2016-02-05 03	4164
2016-02-05 04	3470
2016-02-05 05	3855
2016-02-05 06	9683
2016-02-05 07	17046
2016-02-05 08	20695
2016-02-05 09	20112
2016-02-05 10	17682
2016-02-05 11	16011
2016-02-05 12	16768
2016-02-05 13	16455
2016-02-05 14	18065
2016-02-05 15	19304
2016-02-05 16	18134
2016-02-05 17	21042
2016-02-05 18	26480
2016-02-05 19	28432
2016-02-05 20	25363
2016-02-05 21	23992
2016-02-05 22	25022
2016-02-05 23	24786
2016-02-06 00	23401
2016-02-06 01	19717
2016-02-06 02	16849
2016-02-06 03	11897
2016-02-06 04	8180
2016-02-06 05	3862
2016-02-06 06	4309
2016-02-06 07	5815
2016-02-06 08	9486
2016-02-06 09	13815
2016-02-06 10	16610
2016-02-06 11	18902
2016-02-06 12	21244
2016-02-06 13	21733
2016-02-06 14	20859
2016-02-06 15	21050
2016-02-06 16	20978
2016-02-06 17	21816
2016-02-06 18	25642
2016-02-06 19	27408
2016-02-06 20	23463
2016-02-06 21	21517
2016-02-06 22	23163
2016-02-06 23	25781
2016-02-07 00	25182
2016-02-07 01	22157
2016-02-07 02	19114
2016-02-07 03	14325
2016-02-07 04	9430
2016-02-07 05	3770
2016-02-07 06	3371
2016-02-07 07	4257
2016-02-07 08	6796
2016-02-07 09	10441
2016-02-07 10	14526
2016-02-07 11	17031
2016-02-07 12	18628
2016-02-07 13	19022
2016-02-07 14	18735
2016-02-07 15	19071
2016-02-07 16	19909
2016-02-07 17	23209
2016-02-07 18	25908
2016-02-07 19	15318
2016-02-07 20	12578
2016-02-07 21	15781
2016-02-07 22	19393
2016-02-07 23	19080
2016-02-08 00	9118
2016-02-08 01	4947
2016-02-08 02	3043
2016-02-08 03	2072
2016-02-08 04	2333
2016-02-08 05	3579
2016-02-08 06	8709
2016-02-08 07	15456
2016-02-08 08	19644
2016-02-08 09	19853
2016-02-08 10	17346
2016-02-08 11	16367
2016-02-08 12	16403
2016-02-08 13	15562
2016-02-08 14	17122
2016-02-08 15	18201
2016-02-08 16	16648
2016-02-08 17	18779
2016-02-08 18	24005
2016-02-08 19	23412
2016-02-08 20	20471
2016-02-08 21	20130
2016-02-08 22	17714
2016-02-08 23	12632
2016-02-09 00	8051
2016-02-09 01	4322
2016-02-09 02	2732
2016-02-09 03	1741
2016-02-09 04	1741
2016-02-09 05	3184
2016-02-09 06	8907
2016-02-09 07	16750
2016-02-09 08	21808
2016-02-09 09	20987
2016-02-09 10	17787
2016-02-09 11	16489
2016-02-09 12	17428
2016-02-09 13	17019
2016-02-09 14	18350
2016-02-09 15	19309
2016-02-09 16	17088
2016-02-09 17	19136
2016-02-09 18	24421
2016-02-09 19	25436
2016-02-09 20	23744
2016-02-09 21	23536
2016-02-09 22	21800
2016-02-09 23	15802
2016-02-10 00	10049
2016-02-10 01	5579
2016-02-10 02	3422
2016-02-10 03	2231
2016-02-10 04	2142
2016-02-10 05	3315
2016-02-10 06	9007
2016-02-10 07	17845
2016-02-10 08	22397
2016-02-10 09	21500
2016-02-10 10	18458
2016-02-10 11	17380
2016-02-10 12	18527
2016-02-10 13	17982
2016-02-10 14	19494
2016-02-10 15	19926
2016-02-10 16	17733
2016-02-10 17	20197
2016-02-10 18	26228
2016-02-10 19	27302
2016-02-10 20	25816
2016-02-10 21	25361
2016-02-10 22	23467
2016-02-10 23	17660
2016-02-11 00	11377
2016-02-11 01	6526
2016-02-11 02	4019
2016-02-11 03	2472
2016-02-11 04	2387
2016-02-11 05	3742
2016-02-11 06	9702
2016-02-11 07	18420
2016-02-11 08	23223
2016-02-11 09	22741
2016-02-11 10	19814
2016-02-11 11	19204
2016-02-11 12	21166
2016-02-11 13	20511
2016-02-11 14	22098
2016-02-11 15	22014
2016-02-11 16	19114
2016-02-11 17	20812
2016-02-11 18	27050
2016-02-11 19	29053
2016-02-11 20	28221
2016-02-11 21	27682
2016-02-11 22	25982
2016-02-11 23	22543
2016-02-12 00	16289
2016-02-12 01	10199
2016-02-12 02	6125
2016-02-12 03	4074
2016-02-12 04	3464
2016-02-12 05	4015
2016-02-12 06	9560
2016-02-12 07	17794
2016-02-12 08	22431
2016-02-12 09	21996
2016-02-12 10	19611
2016-02-12 11	19173
2016-02-12 12	21002
2016-02-12 13	20571
2016-02-12 14	21997
2016-02-12 15	21157
2016-02-12 16	18300
2016-02-12 17	20237
2016-02-12 18	25947
2016-02-12 19	28472
2016-02-12 20	26016
2016-02-12 21	25138
2016-02-12 22	24703
2016-02-12 23	24729
2016-02-13 00	22176
2016-02-13 01	19083
2016-02-13 02	15454
2016-02-13 03	11597
2016-02-13 04	8043
2016-02-13 05	3641
2016-02-13 06	4419
2016-02-13 07	6450
2016-02-13 08	9848
2016-02-13 09	14053
2016-02-13 10	17932
2016-02-13 11	21147
2016-02-13 12	24190
2016-02-13 13	25351
2016-02-13 14	24365
2016-02-13 15	24251
2016-02-13 16	23351
2016-02-13 17	23362
2016-02-13 18	27474
2016-02-13 19	28383
2016-02-13 20	25378
2016-02-13 21	21888
2016-02-13 22	22798
2016-02-13 23	24182
2016-02-14 00	20932
2016-02-14 01	17260
2016-02-14 02	14211
2016-02-14 03	10561
2016-02-14 04	7352
2016-02-14 05	3234
2016-02-14 06	3476
2016-02-14 07	4968
2016-02-14 08	8258
2016-02-14 09	11941
2016-02-14 10	16675
2016-02-14 11	20099
2016-02-14 12	22471
2016-02-14 13	23059
2016-02-14 14	23134
2016-02-14 15	22259
2016-02-14 16	22122
2016-02-14 17	22604
2016-02-14 18	25268
2016-02-14 19	25164
2016-02-14 20	21765
2016-02-14 21	20459
2016-02-14 22	19850
2016-02-14 23	17056
2016-02-15 00	14398
2016-02-15 01	9300
2016-02-15 02	6567
2016-02-15 03	4168
2016-02-15 04	3503
2016-02-15 05	3017
2016-02-15 06	5529
2016-02-15 07	8088
2016-02-15 08	13029
2016-02-15 09	16132
2016-02-15 10	17137
2016-02-15 11	18533
2016-02-15 12	21692
2016-02-15 13	21277
2016-02-15 14	21202
2016-02-15 15	21411
2016-02-15 16	19031
2016-02-15 17	18720
2016-02-15 18	21531
2016-02-15 19	21581
2016-02-15 20	18640
2016-02-15 21	17173
2016-02-15 22	16630
2016-02-15 23	13405
2016-02-16 00	8539
2016-02-16 01	5506
2016-02-16 02	4003
2016-02-16 03	2477
2016-02-16 04	1954
2016-02-16 05	3352
2016-02-16 06	8572
2016-02-16 07	14718
2016-02-16 08	18886
2016-02-16 09	22608
2016-02-16 10	18769
2016-02-16 11	17373
2016-02-16 12	19627
2016-02-16 13	21959
2016-02-16 14	22249
2016-02-16 15	18763
2016-02-16 16	14628
2016-02-16 17	16737
2016-02-16 18	21865
2016-02-16 19	22854
2016-02-16 20	21271
2016-02-16 21	21426
2016-02-16 22	19667
2016-02-16 23	15672
2016-02-17 00	10575
2016-02-17 01	6565
2016-02-17 02	3891
2016-02-17 03	2389
2016-02-17 04	2282
2016-02-17 05	3358
2016-02-17 06	8798
2016-02-17 07	15606
2016-02-17 08	19833
2016-02-17 09	20725
2016-02-17 10	18314
2016-02-17 11	18063
2016-02-17 12	19277
2016-02-17 13	18716
2016-02-17 14	19607
2016-02-17 15	19772
2016-02-17 16	17426
2016-02-17 17	18986
2016-02-17 18	24653
2016-02-17 19	25942
2016-02-17 20	24569
2016-02-17 21	24609
2016-02-17 22	22804
2016-02-17 23	19647
2016-02-18 00	12537
2016-02-18 01	7230
2016-02-18 02	4475
2016-02-18 03	2866
2016-02-18 04	2694
2016-02-18 05	3422
2016-02-18 06	9028
2016-02-18 07	16225
2016-02-18 08	20237
2016-02-18 09	21140
2016-02-18 10	18831
2016-02-18 11	18262
2016-02-18 12	19305
2016-02-18 13	18754
2016-02-18 14	19834
2016-02-18 15	20830
2016-02-18 16	17883
2016-02-18 17	19962
2016-02-18 18	25567
2016-02-18 19	27387
2016-02-18 20	27048
2016-02-18 21	27165
2016-02-18 22	25485
2016-02-18 23	23398
2016-02-19 00	16566
2016-02-19 01	10138
2016-02-19 02	6493
2016-02-19 03	4385
2016-02-19 04	3690
2016-02-19 05	3930
2016-02-19 06	9074
2016-02-19 07	15711
2016-02-19 08	20409
2016-02-19 09	20804
2016-02-19 10	18086
2016-02-19 11	17499
2016-02-19 12	19465
2016-02-19 13	19391
2016-02-19 14	20315
2016-02-19 15	20686
2016-02-19 16	18504
2016-02-19 17	20263
2016-02-19 18	26089
2016-02-19 19	28524
2016-02-19 20	25517
2016-02-19 21	24239
2016-02-19 22	23992
2016-02-19 23	25416
2016-02-20 00	24184
2016-02-20 01	20456
2016-02-20 02	17041
2016-02-20 03	12602
2016-02-20 04	8946
2016-02-20 05	4009
2016-02-20 06	4620
2016-02-20 07	6161
2016-02-20 08	9039
2016-02-20 09	13294
2016-02-20 10	16443
2016-02-20 11	17980
2016-02-20 12	20655
2016-02-20 13	21286
2016-02-20 14	19925
2016-02-20 15	19707
2016-02-20 16	19886
2016-02-20 17	21061
2016-02-20 18	25363
2016-02-20 19	26678
2016-02-20 20	23627
2016-02-20 21	21963
2016-02-20 22	23508
2016-02-20 23	26040
2016-02-21 00	25454
2016-02-21 01	22869
2016-02-21 02	20092
2016-02-21 03	15632
2016-02-21 04	10584
2016-02-21 05	4394
2016-02-21 06	3904
2016-02-21 07	4985
2016-02-21 08	7483
2016-02-21 09	11195
2016-02-21 10	15079
2016-02-21 11	17776
2016-02-21 12	19831
2016-02-21 13	19907
2016-02-21 14	20018
2016-02-21 15	19108
2016-02-21 16	19074
2016-02-21 17	19382
2016-02-21 18	23136
2016-02-21 19	18934
2016-02-21 20	17041
2016-02-21 21	16304
2016-02-21 22	13757
2016-02-21 23	10352
2016-02-22 00	6825
2016-02-22 01	4029
2016-02-22 02	2550
2016-02-22 03	1562
2016-02-22 04	2006
2016-02-22 05	3551
2016-02-22 06	9177
2016-02-22 07	16153
2016-02-22 08	20159
2016-02-22 09	19946
2016-02-22 10	16780
2016-02-22 11	15398
2016-02-22 12	16544
2016-02-22 13	16034
2016-02-22 14	17096
2016-02-22 15	18343
2016-02-22 16	17071
2016-02-22 17	19112
2016-02-22 18	24261
2016-02-22 19	24651
2016-02-22 20	21640
2016-02-22 21	20342
2016-02-22 22	19209
2016-02-22 23	14193
2016-02-23 00	8914
2016-02-23 01	4985
2016-02-23 02	2930
2016-02-23 03	1965
2016-02-23 04	1989
2016-02-23 05	3230
2016-02-23 06	9181
2016-02-23 07	16946
2016-02-23 08	21937
2016-02-23 09	21694
2016-02-23 10	18874
2016-02-23 11	18934
2016-02-23 12	20944
2016-02-23 13	20205
2016-02-23 14	21465
2016-02-23 15	21583
2016-02-23 16	17601
2016-02-23 17	19220
2016-02-23 18	24259
2016-02-23 19	26639
2016-02-23 20	26802
2016-02-23 21	24992
2016-02-23 22	22329
2016-02-23 23	17325
2016-02-24 00	10887
2016-02-24 01	6267
2016-02-24 02	3591
2016-02-24 03	2288
2016-02-24 04	2211
2016-02-24 05	3439
2016-02-24 06	9919
2016-02-24 07	18796
2016-02-24 08	23766
2016-02-24 09	23025
2016-02-24 10	19089
2016-02-24 11	20284
2016-02-24 12	22044
2016-02-24 13	20124
2016-02-24 14	18855
2016-02-24 15	19226
2016-02-24 16	16732
2016-02-24 17	19421
2016-02-24 18	23608
2016-02-24 19	26200
2016-02-24 20	24839
2016-02-24 21	24437
2016-02-24 22	22808
2016-02-24 23	18550
2016-02-25 00	10651
2016-02-25 01	6431
2016-02-25 02	5030
2016-02-25 03	3259
2016-02-25 04	2724
2016-02-25 05	3647
2016-02-25 06	9376
2016-02-25 07	17610
2016-02-25 08	21741
2016-02-25 09	21344
2016-02-25 10	18487
2016-02-25 11	17426
2016-02-25 12	19073
2016-02-25 13	18775
2016-02-25 14	20435
2016-02-25 15	21709
2016-02-25 16	18651
2016-02-25 17	20138
2016-02-25 18	25873
2016-02-25 19	27676
2016-02-25 20	26637
2016-02-25 21	26609
2016-02-25 22	25495
2016-02-25 23	23209
2016-02-26 00	16660
2016-02-26 01	10561
2016-02-26 02	6755
2016-02-26 03	4347
2016-02-26 04	3793
2016-02-26 05	4024
2016-02-26 06	9511
2016-02-26 07	17177
2016-02-26 08	21909
2016-02-26 09	21158
2016-02-26 10	19784
2016-02-26 11	19110
2016-02-26 12	20574
2016-02-26 13	19772
2016-02-26 14	20980
2016-02-26 15	20850
2016-02-26 16	17895
2016-02-26 17	20184
2016-02-26 18	26480
2016-02-26 19	29154
2016-02-26 20	26763
2016-02-26 21	25833
2016-02-26 22	26224
2016-02-26 23	26330
2016-02-27 00	24717
2016-02-27 01	20860
2016-02-27 02	16710
2016-02-27 03	12456
2016-02-27 04	8709
2016-02-27 05	3908
2016-02-27 06	4669
2016-02-27 07	6463
2016-02-27 08	9757
2016-02-27 09	14304
2016-02-27 10	18531
2016-02-27 11	19951
2016-02-27 12	21408
2016-02-27 13	22139
2016-02-27 14	20873
2016-02-27 15	21344
2016-02-27 16	20985
2016-02-27 17	21891
2016-02-27 18	25825
2016-02-27 19	28050
2016-02-27 20	24131
2016-02-27 21	22239
2016-02-27 22	24517
2016-02-27 23	26284
2016-02-28 00	25813
2016-02-28 01	23287
2016-02-28 02	20199
2016-02-28 03	15493
2016-02-28 04	10464
2016-02-28 05	4110
2016-02-28 06	4091
2016-02-28 07	4733
2016-02-28 08	7072
2016-02-28 09	10838
2016-02-28 10	14954
2016-02-28 11	17704
2016-02-28 12	19302
2016-02-28 13	19753
2016-02-28 14	19459
2016-02-28 15	18855
2016-02-28 16	18982
2016-02-28 17	19365
2016-02-28 18	21519
2016-02-28 19	20236
2016-02-28 20	15833
2016-02-28 21	13917
2016-02-28 22	13957
2016-02-28 23	10914
2016-02-29 00	12439
2016-02-29 01	4657
2016-02-29 02	2683
2016-02-29 03	1847
2016-02-29 04	2099
2016-02-29 05	3514
2016-02-29 06	9371
2016-02-29 07	15672
2016-02-29 08	19373
2016-02-29 09	19345
2016-02-29 10	17097
2016-02-29 11	18305
2016-02-29 12	16887
2016-02-29 13	15103
2016-02-29 14	16895
2016-02-29 15	18116
2016-02-29 16	16267
2016-02-29 17	18651
2016-02-29 18	23794
2016-02-29 19	23806
2016-02-29 20	21100
2016-02-29 21	20488
2016-02-29 22	17589
2016-02-29 23	12528
