0	0.00
2016-01-01 00	2.45
2016-01-01 01	3.01
2016-01-01 02	3.38
2016-01-01 03	3.60
2016-01-01 04	3.84
2016-01-01 05	4.35
2016-01-01 06	4.67
2016-01-01 07	4.64
2016-01-01 08	4.25
2016-01-01 09	3.83
2016-01-01 10	3.41
2016-01-01 11	3.06
2016-01-01 12	2.98
2016-01-01 13	3.03
2016-01-01 14	3.14
2016-01-01 15	3.27
2016-01-01 16	3.23
2016-01-01 17	3.05
2016-01-01 18	3.02
2016-01-01 19	2.82
2016-01-01 20	2.93
2016-01-01 21	3.05
2016-01-01 22	3.07
2016-01-01 23	3.25
2016-01-02 00	3.28
2016-01-02 01	3.26
2016-01-02 02	3.25
2016-01-02 03	3.35
2016-01-02 04	4.24
2016-01-02 05	5.69
2016-01-02 06	5.82
2016-01-02 07	4.97
2016-01-02 08	3.93
2016-01-02 09	3.15
2016-01-02 10	3.07
2016-01-02 11	2.84
2016-01-02 12	2.71
2016-01-02 13	2.71
2016-01-02 14	2.87
2016-01-02 15	3.03
2016-01-02 16	3.05
2016-01-02 17	2.91
2016-01-02 18	2.88
2016-01-02 19	2.72
2016-01-02 20	2.98
2016-01-02 21	2.94
2016-01-02 22	2.97
2016-01-02 23	2.99
2016-01-03 00	3.08
2016-01-03 01	3.00
2016-01-03 02	3.10
2016-01-03 03	3.36
2016-01-03 04	3.94
2016-01-03 05	5.23
2016-01-03 06	6.13
2016-01-03 07	5.18
2016-01-03 08	4.23
2016-01-03 09	3.53
2016-01-03 10	3.08
2016-01-03 11	2.90
2016-01-03 12	2.79
2016-01-03 13	2.93
2016-01-03 14	3.08
2016-01-03 15	3.31
2016-01-03 16	3.24
2016-01-03 17	3.26
2016-01-03 18	3.32
2016-01-03 19	3.37
2016-01-03 20	3.61
2016-01-03 21	3.81
2016-01-03 22	3.90
2016-01-03 23	4.86
2016-01-04 00	5.19
2016-01-04 01	4.71
2016-01-04 02	4.79
2016-01-04 03	3.98
2016-01-04 04	4.54
2016-01-04 05	4.62
2016-01-04 06	3.07
2016-01-04 07	2.75
2016-01-04 08	2.64
2016-01-04 09	2.88
2016-01-04 10	3.09
2016-01-04 11	2.92
2016-01-04 12	2.68
2016-01-04 13	2.77
2016-01-04 14	2.83
2016-01-04 15	446.42
2016-01-04 16	2.94
2016-01-04 17	35.23
2016-01-04 18	2.65
2016-01-04 19	2.70
2016-01-04 20	2.82
2016-01-04 21	3.17
2016-01-04 22	3.51
2016-01-04 23	4.08
2016-01-05 00	4.47
2016-01-05 01	4.40
2016-01-05 02	4.40
2016-01-05 03	4.10
2016-01-05 04	4.10
2016-01-05 05	3.64
2016-01-05 06	2.74
2016-01-05 07	2.43
2016-01-05 08	2.28
2016-01-05 09	2.46
2016-01-05 10	2.49
2016-01-05 11	2.49
2016-01-05 12	2.44
2016-01-05 13	2.52
2016-01-05 14	2.61
2016-01-05 15	2.76
2016-01-05 16	2.80
2016-01-05 17	2.68
2016-01-05 18	2.63
2016-01-05 19	2.72
2016-01-05 20	2.94
2016-01-05 21	3.26
2016-01-05 22	102.93
2016-01-05 23	3.78
2016-01-06 00	4.10
2016-01-06 01	4.06
2016-01-06 02	3.73
2016-01-06 03	3.73
2016-01-06 04	4.13
2016-01-06 05	3.78
2016-01-06 06	2.75
2016-01-06 07	2.44
2016-01-06 08	2.31
2016-01-06 09	2.40
2016-01-06 10	2.46
2016-01-06 11	2.48
2016-01-06 12	2.49
2016-01-06 13	2.51
2016-01-06 14	2.67
2016-01-06 15	2.72
2016-01-06 16	2.89
2016-01-06 17	2.67
2016-01-06 18	2.53
2016-01-06 19	2.64
2016-01-06 20	2.86
2016-01-06 21	3.07
2016-01-06 22	3.26
2016-01-06 23	3.65
2016-01-07 00	3.82
2016-01-07 01	3.79
2016-01-07 02	3.74
2016-01-07 03	3.66
2016-01-07 04	4.25
2016-01-07 05	4.03
2016-01-07 06	2.78
2016-01-07 07	2.49
2016-01-07 08	2.31
2016-01-07 09	2.36
2016-01-07 10	2.51
2016-01-07 11	2.49
2016-01-07 12	2.45
2016-01-07 13	2.63
2016-01-07 14	2.71
2016-01-07 15	2.79
2016-01-07 16	2.82
2016-01-07 17	2.64
2016-01-07 18	2.58
2016-01-07 19	2.66
2016-01-07 20	2.86
2016-01-07 21	3.10
2016-01-07 22	3.19
2016-01-07 23	3.42
2016-01-08 00	3.59
2016-01-08 01	3.59
2016-01-08 02	3.58
2016-01-08 03	3.66
2016-01-08 04	4.20
2016-01-08 05	4.09
2016-01-08 06	3.02
2016-01-08 07	2.51
2016-01-08 08	2.37
2016-01-08 09	2.48
2016-01-08 10	2.45
2016-01-08 11	2.41
2016-01-08 12	2.43
2016-01-08 13	2.53
2016-01-08 14	2.63
2016-01-08 15	2.69
2016-01-08 16	2.79
2016-01-08 17	2.67
2016-01-08 18	2.57
2016-01-08 19	2.55
2016-01-08 20	2.75
2016-01-08 21	2.90
2016-01-08 22	2.80
2016-01-08 23	3.04
2016-01-09 00	3.09
2016-01-09 01	3.14
2016-01-09 02	3.09
2016-01-09 03	3.31
2016-01-09 04	3.82
2016-01-09 05	4.84
2016-01-09 06	4.88
2016-01-09 07	3.63
2016-01-09 08	3.05
2016-01-09 09	2.50
2016-01-09 10	2.38
2016-01-09 11	2.36
2016-01-09 12	2.20
2016-01-09 13	2.34
2016-01-09 14	2.49
2016-01-09 15	2.60
2016-01-09 16	2.56
2016-01-09 17	2.55
2016-01-09 18	2.53
2016-01-09 19	2.39
2016-01-09 20	2.53
2016-01-09 21	2.66
2016-01-09 22	2.63
2016-01-09 23	2.82
2016-01-10 00	2.80
2016-01-10 01	2.90
2016-01-10 02	3.02
2016-01-10 03	3.17
2016-01-10 04	3.66
2016-01-10 05	4.52
2016-01-10 06	4.95
2016-01-10 07	3.87
2016-01-10 08	3.21
2016-01-10 09	2.74
2016-01-10 10	2.44
2016-01-10 11	2.55
2016-01-10 12	2.58
2016-01-10 13	2.73
2016-01-10 14	2.88
2016-01-10 15	2.75
2016-01-10 16	2.88
2016-01-10 17	3.02
2016-01-10 18	3.16
2016-01-10 19	3.26
2016-01-10 20	3.49
2016-01-10 21	3.72
2016-01-10 22	3.60
2016-01-10 23	4.40
2016-01-11 00	4.81
2016-01-11 01	4.90
2016-01-11 02	3.99
2016-01-11 03	4.01
2016-01-11 04	4.52
2016-01-11 05	4.32
2016-01-11 06	3.01
2016-01-11 07	2.67
2016-01-11 08	2.47
2016-01-11 09	2.62
2016-01-11 10	2.79
2016-01-11 11	2.86
2016-01-11 12	2.66
2016-01-11 13	2.70
2016-01-11 14	2.73
2016-01-11 15	2.71
2016-01-11 16	2.74
2016-01-11 17	2.57
2016-01-11 18	2.62
2016-01-11 19	2.63
2016-01-11 20	2.84
2016-01-11 21	3.11
2016-01-11 22	3.21
2016-01-11 23	3.88
2016-01-12 00	3.90
2016-01-12 01	4.04
2016-01-12 02	3.58
2016-01-12 03	3.70
2016-01-12 04	4.10
2016-01-12 05	3.87
2016-01-12 06	2.73
2016-01-12 07	2.37
2016-01-12 08	2.30
2016-01-12 09	2.38
2016-01-12 10	2.50
2016-01-12 11	2.50
2016-01-12 12	2.48
2016-01-12 13	2.53
2016-01-12 14	2.55
2016-01-12 15	2.65
2016-01-12 16	2.67
2016-01-12 17	2.51
2016-01-12 18	2.50
2016-01-12 19	2.63
2016-01-12 20	2.87
2016-01-12 21	3.00
2016-01-12 22	3.16
2016-01-12 23	3.65
2016-01-13 00	3.73
2016-01-13 01	3.51
2016-01-13 02	3.50
2016-01-13 03	3.58
2016-01-13 04	4.02
2016-01-13 05	3.79
2016-01-13 06	2.77
2016-01-13 07	2.44
2016-01-13 08	2.28
2016-01-13 09	2.30
2016-01-13 10	2.37
2016-01-13 11	2.52
2016-01-13 12	2.34
2016-01-13 13	2.41
2016-01-13 14	2.56
2016-01-13 15	2.62
2016-01-13 16	2.85
2016-01-13 17	2.50
2016-01-13 18	2.46
2016-01-13 19	2.56
2016-01-13 20	2.77
2016-01-13 21	2.92
2016-01-13 22	3.15
2016-01-13 23	3.41
2016-01-14 00	3.91
2016-01-14 01	3.72
2016-01-14 02	3.50
2016-01-14 03	3.80
2016-01-14 04	4.44
2016-01-14 05	4.08
2016-01-14 06	2.95
2016-01-14 07	2.53
2016-01-14 08	2.30
2016-01-14 09	2.39
2016-01-14 10	2.45
2016-01-14 11	2.52
2016-01-14 12	2.46
2016-01-14 13	2.63
2016-01-14 14	2.74
2016-01-14 15	2.86
2016-01-14 16	3.06
2016-01-14 17	2.73
2016-01-14 18	2.62
2016-01-14 19	2.68
2016-01-14 20	2.93
2016-01-14 21	3.09
2016-01-14 22	3.30
2016-01-14 23	3.50
2016-01-15 00	3.74
2016-01-15 01	3.69
2016-01-15 02	3.50
2016-01-15 03	3.61
2016-01-15 04	4.35
2016-01-15 05	4.43
2016-01-15 06	3.33
2016-01-15 07	2.74
2016-01-15 08	2.52
2016-01-15 09	2.58
2016-01-15 10	2.60
2016-01-15 11	2.67
2016-01-15 12	2.59
2016-01-15 13	2.93
2016-01-15 14	2.85
2016-01-15 15	2.92
2016-01-15 16	2.95
2016-01-15 17	3.08
2016-01-15 18	2.82
2016-01-15 19	2.80
2016-01-15 20	2.88
2016-01-15 21	2.99
2016-01-15 22	3.03
2016-01-15 23	3.19
2016-01-16 00	3.28
2016-01-16 01	3.14
2016-01-16 02	3.20
2016-01-16 03	3.37
2016-01-16 04	3.97
2016-01-16 05	4.86
2016-01-16 06	5.06
2016-01-16 07	3.73
2016-01-16 08	3.22
2016-01-16 09	2.65
2016-01-16 10	2.56
2016-01-16 11	2.50
2016-01-16 12	2.47
2016-01-16 13	2.52
2016-01-16 14	2.67
2016-01-16 15	2.67
2016-01-16 16	2.74
2016-01-16 17	2.61
2016-01-16 18	2.65
2016-01-16 19	2.43
2016-01-16 20	2.60
2016-01-16 21	2.64
2016-01-16 22	2.70
2016-01-16 23	2.85
2016-01-17 00	2.87
2016-01-17 01	2.97
2016-01-17 02	3.09
2016-01-17 03	3.29
2016-01-17 04	3.83
2016-01-17 05	4.75
2016-01-17 06	4.96
2016-01-17 07	3.86
2016-01-17 08	3.04
2016-01-17 09	2.61
2016-01-17 10	2.66
2016-01-17 11	2.55
2016-01-17 12	2.46
2016-01-17 13	2.58
2016-01-17 14	2.76
2016-01-17 15	2.79
2016-01-17 16	2.81
2016-01-17 17	2.89
2016-01-17 18	2.83
2016-01-17 19	2.87
2016-01-17 20	3.07
2016-01-17 21	3.04
2016-01-17 22	3.31
2016-01-17 23	3.49
2016-01-18 00	3.63
2016-01-18 01	3.55
2016-01-18 02	3.40
2016-01-18 03	3.69
2016-01-18 04	4.34
2016-01-18 05	4.98
2016-01-18 06	4.06
2016-01-18 07	3.20
2016-01-18 08	2.84
2016-01-18 09	2.53
2016-01-18 10	2.64
2016-01-18 11	2.59
2016-01-18 12	2.58
2016-01-18 13	2.67
2016-01-18 14	2.80
2016-01-18 15	2.78
2016-01-18 16	2.87
2016-01-18 17	2.83
2016-01-18 18	2.78
2016-01-18 19	2.76
2016-01-18 20	3.06
2016-01-18 21	3.24
2016-01-18 22	3.55
2016-01-18 23	4.19
2016-01-19 00	4.61
2016-01-19 01	4.81
2016-01-19 02	3.55
2016-01-19 03	3.65
2016-01-19 04	4.23
2016-01-19 05	4.13
2016-01-19 06	2.99
2016-01-19 07	2.54
2016-01-19 08	2.37
2016-01-19 09	2.56
2016-01-19 10	2.55
2016-01-19 11	2.65
2016-01-19 12	2.57
2016-01-19 13	2.57
2016-01-19 14	2.61
2016-01-19 15	2.69
2016-01-19 16	2.68
2016-01-19 17	2.65
2016-01-19 18	2.53
2016-01-19 19	2.60
2016-01-19 20	2.88
2016-01-19 21	3.05
2016-01-19 22	3.21
2016-01-19 23	3.68
2016-01-20 00	3.95
2016-01-20 01	3.93
2016-01-20 02	3.52
2016-01-20 03	3.47
2016-01-20 04	4.28
2016-01-20 05	4.25
2016-01-20 06	2.99
2016-01-20 07	2.56
2016-01-20 08	2.41
2016-01-20 09	2.53
2016-01-20 10	2.51
2016-01-20 11	2.67
2016-01-20 12	2.55
2016-01-20 13	2.68
2016-01-20 14	2.80
2016-01-20 15	2.85
2016-01-20 16	3.01
2016-01-20 17	2.73
2016-01-20 18	2.51
2016-01-20 19	2.61
2016-01-20 20	2.89
2016-01-20 21	3.05
2016-01-20 22	3.17
2016-01-20 23	3.52
2016-01-21 00	3.68
2016-01-21 01	3.62
2016-01-21 02	3.54
2016-01-21 03	3.45
2016-01-21 04	4.30
2016-01-21 05	4.03
2016-01-21 06	2.95
2016-01-21 07	2.47
2016-01-21 08	2.29
2016-01-21 09	2.38
2016-01-21 10	2.44
2016-01-21 11	2.47
2016-01-21 12	2.50
2016-01-21 13	2.79
2016-01-21 14	126.71
2016-01-21 15	2.78
2016-01-21 16	3.05
2016-01-21 17	2.72
2016-01-21 18	2.54
2016-01-21 19	2.61
2016-01-21 20	2.88
2016-01-21 21	3.11
2016-01-21 22	3.22
2016-01-21 23	3.46
2016-01-22 00	3.61
2016-01-22 01	3.62
2016-01-22 02	3.46
2016-01-22 03	3.75
2016-01-22 04	4.38
2016-01-22 05	4.34
2016-01-22 06	3.22
2016-01-22 07	2.59
2016-01-22 08	2.36
2016-01-22 09	2.48
2016-01-22 10	2.48
2016-01-22 11	2.52
2016-01-22 12	2.52
2016-01-22 13	2.53
2016-01-22 14	2.72
2016-01-22 15	2.71
2016-01-22 16	2.95
2016-01-22 17	2.67
2016-01-22 18	2.48
2016-01-22 19	2.63
2016-01-22 20	2.71
2016-01-22 21	2.77
2016-01-22 22	2.65
2016-01-22 23	2.86
2016-01-23 00	3.05
2016-01-23 01	3.12
2016-01-23 02	3.20
2016-01-23 03	3.17
2016-01-23 04	3.44
2016-01-23 05	3.93
2016-01-23 06	3.10
2016-01-23 07	2.52
2016-01-23 08	2.35
2016-01-23 09	1.89
2016-01-23 10	1.91
2016-01-23 11	1.84
2016-01-23 12	1.84
2016-01-23 13	2.02
2016-01-23 14	2.15
2016-01-23 15	2.36
2016-01-23 16	2.59
2016-01-23 17	2.61
2016-01-23 18	2.19
2016-01-23 19	3.26
2016-01-23 20	2.55
2016-01-23 21	2.29
2016-01-23 22	2.99
2016-01-23 23	3.97
2016-01-24 00	2.91
2016-01-24 01	3.32
2016-01-24 02	2.89
2016-01-24 03	2.63
2016-01-24 04	2.50
2016-01-24 05	2.82
2016-01-24 06	2.36
2016-01-24 07	3.04
2016-01-24 08	3.35
2016-01-24 09	2.95
2016-01-24 10	2.44
2016-01-24 11	2.37
2016-01-24 12	2.43
2016-01-24 13	2.45
2016-01-24 14	2.50
2016-01-24 15	2.63
2016-01-24 16	2.68
2016-01-24 17	2.90
2016-01-24 18	2.72
2016-01-24 19	2.97
2016-01-24 20	3.08
2016-01-24 21	3.33
2016-01-24 22	3.60
2016-01-24 23	4.14
2016-01-25 00	4.15
2016-01-25 01	4.63
2016-01-25 02	4.73
2016-01-25 03	4.42
2016-01-25 04	5.11
2016-01-25 05	4.27
2016-01-25 06	3.54
2016-01-25 07	3.08
2016-01-25 08	2.97
2016-01-25 09	3.17
2016-01-25 10	3.32
2016-01-25 11	3.30
2016-01-25 12	3.20
2016-01-25 13	3.13
2016-01-25 14	3.24
2016-01-25 15	3.08
2016-01-25 16	3.34
2016-01-25 17	3.03
2016-01-25 18	2.84
2016-01-25 19	2.90
2016-01-25 20	3.03
2016-01-25 21	3.18
2016-01-25 22	3.58
2016-01-25 23	3.99
2016-01-26 00	4.80
2016-01-26 01	5.04
2016-01-26 02	4.06
2016-01-26 03	3.83
2016-01-26 04	4.76
2016-01-26 05	3.87
2016-01-26 06	3.06
2016-01-26 07	2.72
2016-01-26 08	2.67
2016-01-26 09	2.80
2016-01-26 10	2.73
2016-01-26 11	2.76
2016-01-26 12	2.79
2016-01-26 13	2.84
2016-01-26 14	2.99
2016-01-26 15	2.86
2016-01-26 16	3.05
2016-01-26 17	2.79
2016-01-26 18	2.66
2016-01-26 19	2.76
2016-01-26 20	2.94
2016-01-26 21	3.18
2016-01-26 22	3.39
2016-01-26 23	3.75
2016-01-27 00	4.11
2016-01-27 01	3.84
2016-01-27 02	3.80
2016-01-27 03	3.71
2016-01-27 04	4.21
2016-01-27 05	3.73
2016-01-27 06	2.83
2016-01-27 07	2.55
2016-01-27 08	2.36
2016-01-27 09	2.44
2016-01-27 10	2.45
2016-01-27 11	2.55
2016-01-27 12	2.50
2016-01-27 13	2.61
2016-01-27 14	2.69
2016-01-27 15	2.76
2016-01-27 16	2.99
2016-01-27 17	2.67
2016-01-27 18	2.62
2016-01-27 19	2.67
2016-01-27 20	2.81
2016-01-27 21	3.11
2016-01-27 22	3.34
2016-01-27 23	3.42
2016-01-28 00	3.75
2016-01-28 01	3.64
2016-01-28 02	3.65
2016-01-28 03	3.78
2016-01-28 04	4.01
2016-01-28 05	3.91
2016-01-28 06	2.96
2016-01-28 07	2.61
2016-01-28 08	2.29
2016-01-28 09	2.49
2016-01-28 10	2.56
2016-01-28 11	383.25
2016-01-28 12	2.48
2016-01-28 13	2.67
2016-01-28 14	2.75
2016-01-28 15	3.04
2016-01-28 16	3.15
2016-01-28 17	2.74
2016-01-28 18	2.60
2016-01-28 19	2.66
2016-01-28 20	2.81
2016-01-28 21	3.06
2016-01-28 22	3.24
2016-01-28 23	3.54
2016-01-29 00	3.54
2016-01-29 01	3.70
2016-01-29 02	3.62
2016-01-29 03	3.75
2016-01-29 04	4.06
2016-01-29 05	4.11
2016-01-29 06	3.13
2016-01-29 07	2.65
2016-01-29 08	2.40
2016-01-29 09	2.48
2016-01-29 10	2.51
2016-01-29 11	2.62
2016-01-29 12	2.52
2016-01-29 13	2.67
2016-01-29 14	2.63
2016-01-29 15	2.75
2016-01-29 16	2.99
2016-01-29 17	2.58
2016-01-29 18	2.55
2016-01-29 19	2.57
2016-01-29 20	2.63
2016-01-29 21	2.84
2016-01-29 22	2.89
2016-01-29 23	3.05
2016-01-30 00	3.22
2016-01-30 01	3.26
2016-01-30 02	3.13
2016-01-30 03	3.34
2016-01-30 04	3.76
2016-01-30 05	4.59
2016-01-30 06	4.69
2016-01-30 07	3.42
2016-01-30 08	2.76
2016-01-30 09	2.38
2016-01-30 10	2.35
2016-01-30 11	2.29
2016-01-30 12	2.31
2016-01-30 13	2.32
2016-01-30 14	2.49
2016-01-30 15	2.55
2016-01-30 16	2.57
2016-01-30 17	2.53
2016-01-30 18	2.44
2016-01-30 19	2.37
2016-01-30 20	2.55
2016-01-30 21	2.54
2016-01-30 22	2.61
2016-01-30 23	2.69
2016-01-31 00	2.90
2016-01-31 01	2.98
2016-01-31 02	3.08
2016-01-31 03	3.28
2016-01-31 04	3.74
2016-01-31 05	4.55
2016-01-31 06	4.96
2016-01-31 07	3.88
2016-01-31 08	3.07
2016-01-31 09	2.63
2016-01-31 10	2.53
2016-01-31 11	2.58
2016-01-31 12	2.60
2016-01-31 13	2.73
2016-01-31 14	2.87
2016-01-31 15	3.10
2016-01-31 16	3.24
2016-01-31 17	3.14
2016-01-31 18	3.08
2016-01-31 19	3.11
2016-01-31 20	3.43
2016-01-31 21	3.39
2016-01-31 22	3.75
2016-01-31 23	4.22
