0	0.00
2016-01-01 00	10.93
2016-01-01 01	12.88
2016-01-01 02	13.72
2016-01-01 03	14.12
2016-01-01 04	14.80
2016-01-01 05	15.94
2016-01-01 06	16.41
2016-01-01 07	16.17
2016-01-01 08	14.95
2016-01-01 09	13.63
2016-01-01 10	12.50
2016-01-01 11	11.63
2016-01-01 12	11.53
2016-01-01 13	11.75
2016-01-01 14	12.21
2016-01-01 15	12.72
2016-01-01 16	12.65
2016-01-01 17	12.23
2016-01-01 18	12.23
2016-01-01 19	11.81
2016-01-01 20	11.96
2016-01-01 21	11.94
2016-01-01 22	11.98
2016-01-01 23	12.36
2016-01-02 00	12.36
2016-01-02 01	12.27
2016-01-02 02	12.34
2016-01-02 03	12.62
2016-01-02 04	15.16
2016-01-02 05	19.47
2016-01-02 06	19.23
2016-01-02 07	16.90
2016-01-02 08	13.94
2016-01-02 09	11.83
2016-01-02 10	11.73
2016-01-02 11	11.29
2016-01-02 12	11.14
2016-01-02 13	11.60
2016-01-02 14	11.99
2016-01-02 15	12.51
2016-01-02 16	12.67
2016-01-02 17	12.54
2016-01-02 18	12.59
2016-01-02 19	12.23
2016-01-02 20	12.61
2016-01-02 21	12.19
2016-01-02 22	12.22
2016-01-02 23	12.19
2016-01-03 00	12.13
2016-01-03 01	11.86
2016-01-03 02	11.97
2016-01-03 03	12.77
2016-01-03 04	14.39
2016-01-03 05	17.67
2016-01-03 06	20.14
2016-01-03 07	17.36
2016-01-03 08	14.81
2016-01-03 09	12.78
2016-01-03 10	11.74
2016-01-03 11	11.59
2016-01-03 12	11.45
2016-01-03 13	11.93
2016-01-03 14	12.62
2016-01-03 15	13.29
2016-01-03 16	12.92
2016-01-03 17	13.08
2016-01-03 18	13.31
2016-01-03 19	13.15
2016-01-03 20	13.46
2016-01-03 21	13.95
2016-01-03 22	14.03
2016-01-03 23	16.47
2016-01-04 00	17.42
2016-01-04 01	16.16
2016-01-04 02	16.36
2016-01-04 03	14.33
2016-01-04 04	15.60
2016-01-04 05	15.88
2016-01-04 06	11.48
2016-01-04 07	11.12
2016-01-04 08	11.64
2016-01-04 09	12.50
2016-01-04 10	12.95
2016-01-04 11	12.26
2016-01-04 12	11.51
2016-01-04 13	11.79
2016-01-04 14	11.94
2016-01-04 15	11.97
2016-01-04 16	12.18
2016-01-04 17	11.52
2016-01-04 18	11.42
2016-01-04 19	11.15
2016-01-04 20	11.21
2016-01-04 21	12.22
2016-01-04 22	13.09
2016-01-04 23	14.48
2016-01-05 00	15.49
2016-01-05 01	15.35
2016-01-05 02	15.24
2016-01-05 03	15.31
2016-01-05 04	14.75
2016-01-05 05	13.12
2016-01-05 06	10.62
2016-01-05 07	10.29
2016-01-05 08	10.82
2016-01-05 09	11.57
2016-01-05 10	11.63
2016-01-05 11	11.57
2016-01-05 12	11.54
2016-01-05 13	11.57
2016-01-05 14	11.85
2016-01-05 15	12.33
2016-01-05 16	12.25
2016-01-05 17	11.89
2016-01-05 18	11.82
2016-01-05 19	11.58
2016-01-05 20	11.79
2016-01-05 21	12.71
2016-01-05 22	13.13
2016-01-05 23	13.81
2016-01-06 00	14.63
2016-01-06 01	14.62
2016-01-06 02	13.57
2016-01-06 03	13.90
2016-01-06 04	14.75
2016-01-06 05	13.29
2016-01-06 06	10.69
2016-01-06 07	10.42
2016-01-06 08	10.98
2016-01-06 09	11.51
2016-01-06 10	11.55
2016-01-06 11	11.58
2016-01-06 12	11.72
2016-01-06 13	11.83
2016-01-06 14	12.14
2016-01-06 15	12.39
2016-01-06 16	12.72
2016-01-06 17	12.04
2016-01-06 18	11.59
2016-01-06 19	11.43
2016-01-06 20	11.69
2016-01-06 21	12.25
2016-01-06 22	12.84
2016-01-06 23	13.64
2016-01-07 00	13.95
2016-01-07 01	13.78
2016-01-07 02	13.59
2016-01-07 03	13.45
2016-01-07 04	15.20
2016-01-07 05	14.15
2016-01-07 06	10.78
2016-01-07 07	10.61
2016-01-07 08	11.09
2016-01-07 09	11.61
2016-01-07 10	11.79
2016-01-07 11	11.73
2016-01-07 12	11.65
2016-01-07 13	11.97
2016-01-07 14	12.24
2016-01-07 15	12.59
2016-01-07 16	12.67
2016-01-07 17	11.99
2016-01-07 18	11.89
2016-01-07 19	11.68
2016-01-07 20	11.92
2016-01-07 21	12.52
2016-01-07 22	12.69
2016-01-07 23	13.30
2016-01-08 00	13.56
2016-01-08 01	13.44
2016-01-08 02	13.35
2016-01-08 03	13.65
2016-01-08 04	14.98
2016-01-08 05	14.41
2016-01-08 06	11.51
2016-01-08 07	10.68
2016-01-08 08	11.31
2016-01-08 09	12.07
2016-01-08 10	11.84
2016-01-08 11	11.58
2016-01-08 12	11.71
2016-01-08 13	11.63
2016-01-08 14	11.95
2016-01-08 15	12.23
2016-01-08 16	12.30
2016-01-08 17	12.00
2016-01-08 18	11.73
2016-01-08 19	11.44
2016-01-08 20	11.87
2016-01-08 21	12.20
2016-01-08 22	11.93
2016-01-08 23	12.61
2016-01-09 00	12.69
2016-01-09 01	12.61
2016-01-09 02	12.28
2016-01-09 03	12.82
2016-01-09 04	14.43
2016-01-09 05	16.85
2016-01-09 06	16.73
2016-01-09 07	13.10
2016-01-09 08	11.61
2016-01-09 09	10.25
2016-01-09 10	10.04
2016-01-09 11	10.27
2016-01-09 12	10.21
2016-01-09 13	10.87
2016-01-09 14	11.31
2016-01-09 15	11.58
2016-01-09 16	11.46
2016-01-09 17	11.40
2016-01-09 18	11.42
2016-01-09 19	11.17
2016-01-09 20	11.54
2016-01-09 21	11.81
2016-01-09 22	11.57
2016-01-09 23	12.06
2016-01-10 00	11.74
2016-01-10 01	11.86
2016-01-10 02	11.96
2016-01-10 03	12.44
2016-01-10 04	14.00
2016-01-10 05	16.23
2016-01-10 06	16.73
2016-01-10 07	13.85
2016-01-10 08	12.27
2016-01-10 09	10.82
2016-01-10 10	10.08
2016-01-10 11	10.60
2016-01-10 12	10.88
2016-01-10 13	11.38
2016-01-10 14	11.98
2016-01-10 15	11.54
2016-01-10 16	12.07
2016-01-10 17	12.45
2016-01-10 18	12.62
2016-01-10 19	12.74
2016-01-10 20	12.99
2016-01-10 21	13.56
2016-01-10 22	13.30
2016-01-10 23	15.40
2016-01-11 00	16.43
2016-01-11 01	16.60
2016-01-11 02	14.10
2016-01-11 03	14.17
2016-01-11 04	15.95
2016-01-11 05	14.91
2016-01-11 06	11.42
2016-01-11 07	11.09
2016-01-11 08	11.73
2016-01-11 09	12.62
2016-01-11 10	12.76
2016-01-11 11	12.77
2016-01-11 12	12.42
2016-01-11 13	12.21
2016-01-11 14	12.45
2016-01-11 15	12.18
2016-01-11 16	12.19
2016-01-11 17	11.60
2016-01-11 18	11.74
2016-01-11 19	11.23
2016-01-11 20	11.47
2016-01-11 21	12.11
2016-01-11 22	12.46
2016-01-11 23	14.10
2016-01-12 00	13.97
2016-01-12 01	14.34
2016-01-12 02	13.40
2016-01-12 03	13.37
2016-01-12 04	14.81
2016-01-12 05	13.80
2016-01-12 06	10.62
2016-01-12 07	10.31
2016-01-12 08	11.09
2016-01-12 09	11.53
2016-01-12 10	11.98
2016-01-12 11	12.18
2016-01-12 12	11.92
2016-01-12 13	11.86
2016-01-12 14	11.92
2016-01-12 15	12.15
2016-01-12 16	12.22
2016-01-12 17	11.70
2016-01-12 18	11.69
2016-01-12 19	11.63
2016-01-12 20	11.74
2016-01-12 21	11.99
2016-01-12 22	12.46
2016-01-12 23	13.59
2016-01-13 00	13.68
2016-01-13 01	13.14
2016-01-13 02	13.17
2016-01-13 03	13.25
2016-01-13 04	14.37
2016-01-13 05	13.42
2016-01-13 06	10.75
2016-01-13 07	10.48
2016-01-13 08	11.06
2016-01-13 09	11.69
2016-01-13 10	11.77
2016-01-13 11	12.06
2016-01-13 12	11.62
2016-01-13 13	11.88
2016-01-13 14	12.14
2016-01-13 15	12.22
2016-01-13 16	12.64
2016-01-13 17	11.42
2016-01-13 18	11.55
2016-01-13 19	11.43
2016-01-13 20	11.62
2016-01-13 21	11.95
2016-01-13 22	12.59
2016-01-13 23	13.17
2016-01-14 00	14.36
2016-01-14 01	13.69
2016-01-14 02	13.12
2016-01-14 03	14.06
2016-01-14 04	15.61
2016-01-14 05	14.26
2016-01-14 06	11.29
2016-01-14 07	10.69
2016-01-14 08	11.14
2016-01-14 09	11.93
2016-01-14 10	12.16
2016-01-14 11	12.30
2016-01-14 12	12.06
2016-01-14 13	12.37
2016-01-14 14	12.62
2016-01-14 15	12.94
2016-01-14 16	13.32
2016-01-14 17	12.38
2016-01-14 18	12.23
2016-01-14 19	11.97
2016-01-14 20	12.20
2016-01-14 21	12.56
2016-01-14 22	13.10
2016-01-14 23	13.59
2016-01-15 00	14.17
2016-01-15 01	13.91
2016-01-15 02	13.18
2016-01-15 03	13.40
2016-01-15 04	15.44
2016-01-15 05	15.49
2016-01-15 06	12.24
2016-01-15 07	11.27
2016-01-15 08	11.55
2016-01-15 09	12.11
2016-01-15 10	12.37
2016-01-15 11	12.56
2016-01-15 12	12.24
2016-01-15 13	12.84
2016-01-15 14	12.65
2016-01-15 15	13.17
2016-01-15 16	13.18
2016-01-15 17	13.43
2016-01-15 18	12.65
2016-01-15 19	12.34
2016-01-15 20	12.40
2016-01-15 21	12.59
2016-01-15 22	12.72
2016-01-15 23	13.14
2016-01-16 00	13.38
2016-01-16 01	12.70
2016-01-16 02	12.80
2016-01-16 03	13.11
2016-01-16 04	14.77
2016-01-16 05	17.00
2016-01-16 06	17.13
2016-01-16 07	13.57
2016-01-16 08	12.32
2016-01-16 09	10.77
2016-01-16 10	10.65
2016-01-16 11	10.61
2016-01-16 12	10.79
2016-01-16 13	11.24
2016-01-16 14	11.64
2016-01-16 15	11.65
2016-01-16 16	11.94
2016-01-16 17	11.62
2016-01-16 18	11.77
2016-01-16 19	11.34
2016-01-16 20	11.62
2016-01-16 21	11.65
2016-01-16 22	11.87
2016-01-16 23	12.23
2016-01-17 00	12.09
2016-01-17 01	12.08
2016-01-17 02	12.22
2016-01-17 03	12.69
2016-01-17 04	14.26
2016-01-17 05	16.49
2016-01-17 06	17.16
2016-01-17 07	13.71
2016-01-17 08	11.52
2016-01-17 09	10.45
2016-01-17 10	10.65
2016-01-17 11	10.64
2016-01-17 12	10.67
2016-01-17 13	11.27
2016-01-17 14	12.02
2016-01-17 15	12.25
2016-01-17 16	12.60
2016-01-17 17	12.75
2016-01-17 18	12.20
2016-01-17 19	11.92
2016-01-17 20	12.17
2016-01-17 21	11.95
2016-01-17 22	12.62
2016-01-17 23	12.97
2016-01-18 00	13.21
2016-01-18 01	13.00
2016-01-18 02	12.55
2016-01-18 03	13.54
2016-01-18 04	15.30
2016-01-18 05	17.07
2016-01-18 06	14.32
2016-01-18 07	11.99
2016-01-18 08	11.47
2016-01-18 09	10.75
2016-01-18 10	10.97
2016-01-18 11	11.04
2016-01-18 12	11.24
2016-01-18 13	11.55
2016-01-18 14	11.77
2016-01-18 15	11.68
2016-01-18 16	11.93
2016-01-18 17	11.83
2016-01-18 18	11.52
2016-01-18 19	11.18
2016-01-18 20	11.88
2016-01-18 21	12.23
2016-01-18 22	13.19
2016-01-18 23	15.11
2016-01-19 00	16.01
2016-01-19 01	16.82
2016-01-19 02	13.04
2016-01-19 03	13.15
2016-01-19 04	14.77
2016-01-19 05	14.34
2016-01-19 06	11.36
2016-01-19 07	10.76
2016-01-19 08	11.53
2016-01-19 09	12.82
2016-01-19 10	12.83
2016-01-19 11	13.23
2016-01-19 12	12.95
2016-01-19 13	12.56
2016-01-19 14	12.42
2016-01-19 15	12.57
2016-01-19 16	12.45
2016-01-19 17	12.30
2016-01-19 18	12.16
2016-01-19 19	11.66
2016-01-19 20	11.85
2016-01-19 21	12.25
2016-01-19 22	12.76
2016-01-19 23	13.79
2016-01-20 00	14.46
2016-01-20 01	14.34
2016-01-20 02	13.14
2016-01-20 03	12.97
2016-01-20 04	15.11
2016-01-20 05	14.93
2016-01-20 06	11.48
2016-01-20 07	10.98
2016-01-20 08	11.68
2016-01-20 09	12.63
2016-01-20 10	12.66
2016-01-20 11	12.97
2016-01-20 12	12.77
2016-01-20 13	12.97
2016-01-20 14	12.86
2016-01-20 15	13.23
2016-01-20 16	13.30
2016-01-20 17	12.48
2016-01-20 18	11.84
2016-01-20 19	11.84
2016-01-20 20	12.14
2016-01-20 21	12.35
2016-01-20 22	12.62
2016-01-20 23	13.55
2016-01-21 00	13.96
2016-01-21 01	13.60
2016-01-21 02	13.39
2016-01-21 03	12.88
2016-01-21 04	15.14
2016-01-21 05	14.18
2016-01-21 06	11.31
2016-01-21 07	10.64
2016-01-21 08	11.30
2016-01-21 09	12.10
2016-01-21 10	12.26
2016-01-21 11	13.00
2016-01-21 12	12.59
2016-01-21 13	13.27
2016-01-21 14	13.09
2016-01-21 15	13.30
2016-01-21 16	14.02
2016-01-21 17	12.76
2016-01-21 18	12.21
2016-01-21 19	12.12
2016-01-21 20	12.58
2016-01-21 21	12.94
2016-01-21 22	13.30
2016-01-21 23	13.79
2016-01-22 00	14.09
2016-01-22 01	13.86
2016-01-22 02	13.01
2016-01-22 03	13.86
2016-01-22 04	15.82
2016-01-22 05	15.33
2016-01-22 06	12.05
2016-01-22 07	10.94
2016-01-22 08	11.36
2016-01-22 09	12.22
2016-01-22 10	12.23
2016-01-22 11	12.32
2016-01-22 12	12.23
2016-01-22 13	11.82
2016-01-22 14	12.39
2016-01-22 15	12.53
2016-01-22 16	13.09
2016-01-22 17	12.26
2016-01-22 18	11.62
2016-01-22 19	11.81
2016-01-22 20	11.82
2016-01-22 21	11.90
2016-01-22 22	11.70
2016-01-22 23	12.08
2016-01-23 00	12.69
2016-01-23 01	13.16
2016-01-23 02	13.24
2016-01-23 03	12.68
2016-01-23 04	13.81
2016-01-23 05	15.38
2016-01-23 06	12.47
2016-01-23 07	10.96
2016-01-23 08	10.69
2016-01-23 09	9.72
2016-01-23 10	9.29
2016-01-23 11	9.30
2016-01-23 12	9.37
2016-01-23 13	10.01
2016-01-23 14	10.49
2016-01-23 15	11.14
2016-01-23 16	11.86
2016-01-23 17	11.95
2016-01-23 18	11.54
2016-01-23 19	14.53
2016-01-23 20	12.55
2016-01-23 21	11.12
2016-01-23 22	12.23
2016-01-23 23	17.59
2016-01-24 00	12.29
2016-01-24 01	14.48
2016-01-24 02	11.75
2016-01-24 03	11.32
2016-01-24 04	10.02
2016-01-24 05	12.02
2016-01-24 06	10.72
2016-01-24 07	11.88
2016-01-24 08	12.81
2016-01-24 09	12.17
2016-01-24 10	10.73
2016-01-24 11	10.69
2016-01-24 12	10.92
2016-01-24 13	11.23
2016-01-24 14	11.34
2016-01-24 15	11.63
2016-01-24 16	11.67
2016-01-24 17	12.43
2016-01-24 18	11.94
2016-01-24 19	12.32
2016-01-24 20	12.44
2016-01-24 21	12.93
2016-01-24 22	13.62
2016-01-24 23	15.25
2016-01-25 00	15.17
2016-01-25 01	16.50
2016-01-25 02	16.47
2016-01-25 03	15.77
2016-01-25 04	17.60
2016-01-25 05	15.22
2016-01-25 06	13.40
2016-01-25 07	13.16
2016-01-25 08	14.34
2016-01-25 09	15.98
2016-01-25 10	16.49
2016-01-25 11	16.52
2016-01-25 12	16.41
2016-01-25 13	16.12
2016-01-25 14	15.99
2016-01-25 15	15.59
2016-01-25 16	16.17
2016-01-25 17	14.87
2016-01-25 18	14.07
2016-01-25 19	13.38
2016-01-25 20	12.95
2016-01-25 21	13.20
2016-01-25 22	14.31
2016-01-25 23	15.40
2016-01-26 00	17.43
2016-01-26 01	17.98
2016-01-26 02	15.13
2016-01-26 03	14.19
2016-01-26 04	16.60
2016-01-26 05	13.95
2016-01-26 06	11.94
2016-01-26 07	11.91
2016-01-26 08	13.30
2016-01-26 09	14.83
2016-01-26 10	15.35
2016-01-26 11	15.76
2016-01-26 12	15.90
2016-01-26 13	15.82
2016-01-26 14	15.69
2016-01-26 15	15.29
2016-01-26 16	15.75
2016-01-26 17	14.49
2016-01-26 18	14.12
2016-01-26 19	13.41
2016-01-26 20	12.79
2016-01-26 21	13.07
2016-01-26 22	13.71
2016-01-26 23	14.49
2016-01-27 00	15.31
2016-01-27 01	14.34
2016-01-27 02	14.06
2016-01-27 03	14.00
2016-01-27 04	15.13
2016-01-27 05	13.41
2016-01-27 06	11.10
2016-01-27 07	11.22
2016-01-27 08	12.22
2016-01-27 09	13.48
2016-01-27 10	13.71
2016-01-27 11	14.15
2016-01-27 12	13.99
2016-01-27 13	14.11
2016-01-27 14	14.28
2016-01-27 15	14.31
2016-01-27 16	14.79
2016-01-27 17	13.51
2016-01-27 18	12.96
2016-01-27 19	12.47
2016-01-27 20	12.26
2016-01-27 21	13.00
2016-01-27 22	13.49
2016-01-27 23	13.64
2016-01-28 00	14.41
2016-01-28 01	13.69
2016-01-28 02	13.60
2016-01-28 03	13.98
2016-01-28 04	14.62
2016-01-28 05	13.82
2016-01-28 06	11.42
2016-01-28 07	11.30
2016-01-28 08	11.77
2016-01-28 09	12.93
2016-01-28 10	13.30
2016-01-28 11	13.48
2016-01-28 12	13.24
2016-01-28 13	13.58
2016-01-28 14	13.59
2016-01-28 15	14.52
2016-01-28 16	14.62
2016-01-28 17	13.21
2016-01-28 18	12.81
2016-01-28 19	12.39
2016-01-28 20	12.31
2016-01-28 21	12.77
2016-01-28 22	13.32
2016-01-28 23	13.94
2016-01-29 00	13.80
2016-01-29 01	14.27
2016-01-29 02	13.72
2016-01-29 03	14.02
2016-01-29 04	14.73
2016-01-29 05	14.66
2016-01-29 06	11.92
2016-01-29 07	11.17
2016-01-29 08	11.65
2016-01-29 09	12.40
2016-01-29 10	12.56
2016-01-29 11	13.01
2016-01-29 12	12.70
2016-01-29 13	12.82
2016-01-29 14	12.68
2016-01-29 15	13.26
2016-01-29 16	13.74
2016-01-29 17	12.36
2016-01-29 18	12.27
2016-01-29 19	12.05
2016-01-29 20	12.01
2016-01-29 21	12.56
2016-01-29 22	12.72
2016-01-29 23	13.14
2016-01-30 00	13.44
2016-01-30 01	13.30
2016-01-30 02	12.70
2016-01-30 03	13.14
2016-01-30 04	14.21
2016-01-30 05	16.04
2016-01-30 06	16.16
2016-01-30 07	12.62
2016-01-30 08	10.99
2016-01-30 09	10.30
2016-01-30 10	10.33
2016-01-30 11	10.44
2016-01-30 12	10.74
2016-01-30 13	11.09
2016-01-30 14	17.01
2016-01-30 15	11.79
2016-01-30 16	12.17
2016-01-30 17	11.88
2016-01-30 18	11.59
2016-01-30 19	11.58
2016-01-30 20	12.22
2016-01-30 21	11.99
2016-01-30 22	12.13
2016-01-30 23	12.33
2016-01-31 00	12.71
2016-01-31 01	12.62
2016-01-31 02	12.49
2016-01-31 03	12.89
2016-01-31 04	14.10
2016-01-31 05	16.06
2016-01-31 06	17.05
2016-01-31 07	13.96
2016-01-31 08	11.72
2016-01-31 09	10.57
2016-01-31 10	10.51
2016-01-31 11	11.00
2016-01-31 12	11.30
2016-01-31 13	11.93
2016-01-31 14	12.50
2016-01-31 15	13.16
2016-01-31 16	13.46
2016-01-31 17	13.24
2016-01-31 18	13.06
2016-01-31 19	12.92
2016-01-31 20	13.34
2016-01-31 21	13.01
2016-01-31 22	13.84
2016-01-31 23	14.96
