0	0.00
2016-01-01 00	0.08
2016-01-01 01	0.12
2016-01-01 02	0.15
2016-01-01 03	0.16
2016-01-01 04	0.19
2016-01-01 05	0.27
2016-01-01 06	0.42
2016-01-01 07	0.53
2016-01-01 08	0.55
2016-01-01 09	0.49
2016-01-01 10	0.39
2016-01-01 11	0.31
2016-01-01 12	0.30
2016-01-01 13	0.32
2016-01-01 14	0.37
2016-01-01 15	0.41
2016-01-01 16	0.39
2016-01-01 17	0.34
2016-01-01 18	0.31
2016-01-01 19	0.25
2016-01-01 20	0.27
2016-01-01 21	0.23
2016-01-01 22	0.23
2016-01-01 23	0.24
2016-01-02 00	0.20
2016-01-02 01	0.12
2016-01-02 02	0.13
2016-01-02 03	0.14
2016-01-02 04	0.37
2016-01-02 05	0.91
2016-01-02 06	0.98
2016-01-02 07	0.76
2016-01-02 08	0.53
2016-01-02 09	0.40
2016-01-02 10	0.36
2016-01-02 11	0.29
2016-01-02 12	0.26
2016-01-02 13	0.25
2016-01-02 14	0.30
2016-01-02 15	0.36
2016-01-02 16	0.36
2016-01-02 17	0.31
2016-01-02 18	0.29
2016-01-02 19	0.24
2016-01-02 20	0.26
2016-01-02 21	0.27
2016-01-02 22	0.21
2016-01-02 23	0.20
2016-01-03 00	0.19
2016-01-03 01	0.12
2016-01-03 02	0.10
2016-01-03 03	0.12
2016-01-03 04	0.22
2016-01-03 05	0.67
2016-01-03 06	0.91
2016-01-03 07	0.75
2016-01-03 08	0.62
2016-01-03 09	0.49
2016-01-03 10	0.37
2016-01-03 11	0.36
2016-01-03 12	0.31
2016-01-03 13	0.34
2016-01-03 14	0.40
2016-01-03 15	0.47
2016-01-03 16	0.42
2016-01-03 17	0.44
2016-01-03 18	0.46
2016-01-03 19	0.41
2016-01-03 20	0.42
2016-01-03 21	0.45
2016-01-03 22	0.40
2016-01-03 23	0.63
2016-01-04 00	0.63
2016-01-04 01	0.37
2016-01-04 02	0.30
2016-01-04 03	0.23
2016-01-04 04	0.59
2016-01-04 05	0.82
2016-01-04 06	0.40
2016-01-04 07	0.28
2016-01-04 08	0.25
2016-01-04 09	0.38
2016-01-04 10	0.53
2016-01-04 11	0.43
2016-01-04 12	0.34
2016-01-04 13	0.37
2016-01-04 14	0.37
2016-01-04 15	0.39
2016-01-04 16	0.40
2016-01-04 17	0.33
2016-01-04 18	0.27
2016-01-04 19	0.25
2016-01-04 20	0.23
2016-01-04 21	0.30
2016-01-04 22	0.33
2016-01-04 23	0.39
2016-01-05 00	0.43
2016-01-05 01	0.33
2016-01-05 02	0.26
2016-01-05 03	0.22
2016-01-05 04	0.36
2016-01-05 05	0.49
2016-01-05 06	0.29
2016-01-05 07	0.18
2016-01-05 08	0.17
2016-01-05 09	0.25
2016-01-05 10	0.28
2016-01-05 11	0.29
2016-01-05 12	0.26
2016-01-05 13	0.31
2016-01-05 14	0.31
2016-01-05 15	0.37
2016-01-05 16	0.37
2016-01-05 17	0.31
2016-01-05 18	0.27
2016-01-05 19	0.24
2016-01-05 20	0.26
2016-01-05 21	0.30
2016-01-05 22	0.26
2016-01-05 23	0.29
2016-01-06 00	0.31
2016-01-06 01	0.28
2016-01-06 02	0.14
2016-01-06 03	0.16
2016-01-06 04	0.36
2016-01-06 05	0.53
2016-01-06 06	0.30
2016-01-06 07	0.19
2016-01-06 08	0.18
2016-01-06 09	0.24
2016-01-06 10	0.25
2016-01-06 11	0.28
2016-01-06 12	0.30
2016-01-06 13	0.30
2016-01-06 14	0.34
2016-01-06 15	0.40
2016-01-06 16	0.43
2016-01-06 17	0.34
2016-01-06 18	0.26
2016-01-06 19	0.24
2016-01-06 20	0.24
2016-01-06 21	0.24
2016-01-06 22	0.24
2016-01-06 23	0.26
2016-01-07 00	0.26
2016-01-07 01	0.18
2016-01-07 02	0.15
2016-01-07 03	0.14
2016-01-07 04	0.37
2016-01-07 05	0.62
2016-01-07 06	0.31
2016-01-07 07	0.20
2016-01-07 08	0.19
2016-01-07 09	0.24
2016-01-07 10	0.27
2016-01-07 11	0.28
2016-01-07 12	0.28
2016-01-07 13	0.35
2016-01-07 14	0.36
2016-01-07 15	0.42
2016-01-07 16	0.41
2016-01-07 17	0.35
2016-01-07 18	0.28
2016-01-07 19	0.24
2016-01-07 20	0.24
2016-01-07 21	0.26
2016-01-07 22	0.23
2016-01-07 23	0.24
2016-01-08 00	0.23
2016-01-08 01	0.14
2016-01-08 02	0.12
2016-01-08 03	0.12
2016-01-08 04	0.33
2016-01-08 05	0.56
2016-01-08 06	0.38
2016-01-08 07	0.21
2016-01-08 08	0.20
2016-01-08 09	0.23
2016-01-08 10	0.25
2016-01-08 11	0.25
2016-01-08 12	0.27
2016-01-08 13	0.31
2016-01-08 14	0.33
2016-01-08 15	0.38
2016-01-08 16	0.40
2016-01-08 17	0.34
2016-01-08 18	0.25
2016-01-08 19	0.21
2016-01-08 20	0.23
2016-01-08 21	0.23
2016-01-08 22	0.17
2016-01-08 23	0.19
2016-01-09 00	0.13
2016-01-09 01	0.10
2016-01-09 02	0.08
2016-01-09 03	0.09
2016-01-09 04	0.15
2016-01-09 05	0.46
2016-01-09 06	0.63
2016-01-09 07	0.47
2016-01-09 08	0.33
2016-01-09 09	0.21
2016-01-09 10	0.19
2016-01-09 11	0.20
2016-01-09 12	0.14
2016-01-09 13	0.18
2016-01-09 14	0.21
2016-01-09 15	0.25
2016-01-09 16	0.24
2016-01-09 17	0.26
2016-01-09 18	0.20
2016-01-09 19	0.14
2016-01-09 20	0.16
2016-01-09 21	0.15
2016-01-09 22	0.14
2016-01-09 23	0.14
2016-01-10 00	0.10
2016-01-10 01	0.13
2016-01-10 02	0.09
2016-01-10 03	0.10
2016-01-10 04	0.17
2016-01-10 05	0.46
2016-01-10 06	0.68
2016-01-10 07	0.51
2016-01-10 08	0.40
2016-01-10 09	0.29
2016-01-10 10	0.21
2016-01-10 11	0.23
2016-01-10 12	0.27
2016-01-10 13	0.30
2016-01-10 14	0.35
2016-01-10 15	0.34
2016-01-10 16	0.36
2016-01-10 17	0.36
2016-01-10 18	0.42
2016-01-10 19	0.38
2016-01-10 20	0.38
2016-01-10 21	0.45
2016-01-10 22	0.39
2016-01-10 23	0.54
2016-01-11 00	0.56
2016-01-11 01	0.43
2016-01-11 02	0.20
2016-01-11 03	0.16
2016-01-11 04	0.56
2016-01-11 05	0.76
2016-01-11 06	0.41
2016-01-11 07	0.27
2016-01-11 08	0.24
2016-01-11 09	0.30
2016-01-11 10	0.41
2016-01-11 11	0.45
2016-01-11 12	0.39
2016-01-11 13	0.38
2016-01-11 14	0.39
2016-01-11 15	0.38
2016-01-11 16	0.39
2016-01-11 17	0.33
2016-01-11 18	0.31
2016-01-11 19	0.25
2016-01-11 20	0.24
2016-01-11 21	0.28
2016-01-11 22	0.25
2016-01-11 23	0.33
2016-01-12 00	0.32
2016-01-12 01	0.22
2016-01-12 02	0.13
2016-01-12 03	0.13
2016-01-12 04	0.34
2016-01-12 05	0.59
2016-01-12 06	0.32
2016-01-12 07	0.20
2016-01-12 08	0.19
2016-01-12 09	0.23
2016-01-12 10	0.30
2016-01-12 11	0.30
2016-01-12 12	0.29
2016-01-12 13	0.35
2016-01-12 14	0.33
2016-01-12 15	0.38
2016-01-12 16	0.38
2016-01-12 17	0.32
2016-01-12 18	0.27
2016-01-12 19	0.24
2016-01-12 20	0.26
2016-01-12 21	0.25
2016-01-12 22	0.22
2016-01-12 23	0.28
2016-01-13 00	0.21
2016-01-13 01	0.14
2016-01-13 02	0.08
2016-01-13 03	0.10
2016-01-13 04	0.37
2016-01-13 05	0.61
2016-01-13 06	0.35
2016-01-13 07	0.21
2016-01-13 08	0.19
2016-01-13 09	0.21
2016-01-13 10	0.27
2016-01-13 11	0.32
2016-01-13 12	0.27
2016-01-13 13	0.30
2016-01-13 14	0.36
2016-01-13 15	0.36
2016-01-13 16	0.46
2016-01-13 17	0.33
2016-01-13 18	0.26
2016-01-13 19	0.26
2016-01-13 20	0.25
2016-01-13 21	0.23
2016-01-13 22	0.24
2016-01-13 23	0.24
2016-01-14 00	0.27
2016-01-14 01	0.18
2016-01-14 02	0.11
2016-01-14 03	0.17
2016-01-14 04	0.44
2016-01-14 05	0.67
2016-01-14 06	0.39
2016-01-14 07	0.26
2016-01-14 08	0.19
2016-01-14 09	0.24
2016-01-14 10	0.29
2016-01-14 11	0.32
2016-01-14 12	0.30
2016-01-14 13	0.38
2016-01-14 14	0.41
2016-01-14 15	0.44
2016-01-14 16	0.51
2016-01-14 17	0.41
2016-01-14 18	0.31
2016-01-14 19	0.26
2016-01-14 20	0.29
2016-01-14 21	0.27
2016-01-14 22	0.26
2016-01-14 23	0.27
2016-01-15 00	0.28
2016-01-15 01	0.20
2016-01-15 02	0.12
2016-01-15 03	0.17
2016-01-15 04	0.38
2016-01-15 05	0.77
2016-01-15 06	0.49
2016-01-15 07	0.30
2016-01-15 08	0.25
2016-01-15 09	0.28
2016-01-15 10	0.30
2016-01-15 11	0.38
2016-01-15 12	0.35
2016-01-15 13	0.45
2016-01-15 14	0.44
2016-01-15 15	0.45
2016-01-15 16	0.43
2016-01-15 17	0.48
2016-01-15 18	0.36
2016-01-15 19	0.29
2016-01-15 20	0.28
2016-01-15 21	0.27
2016-01-15 22	0.23
2016-01-15 23	0.25
2016-01-16 00	0.20
2016-01-16 01	0.12
2016-01-16 02	0.11
2016-01-16 03	0.08
2016-01-16 04	0.20
2016-01-16 05	0.55
2016-01-16 06	0.77
2016-01-16 07	0.53
2016-01-16 08	0.41
2016-01-16 09	0.27
2016-01-16 10	0.26
2016-01-16 11	0.23
2016-01-16 12	0.22
2016-01-16 13	0.23
2016-01-16 14	0.28
2016-01-16 15	0.27
2016-01-16 16	0.30
2016-01-16 17	0.24
2016-01-16 18	0.23
2016-01-16 19	0.15
2016-01-16 20	0.20
2016-01-16 21	0.14
2016-01-16 22	0.20
2016-01-16 23	0.15
2016-01-17 00	0.10
2016-01-17 01	0.09
2016-01-17 02	0.09
2016-01-17 03	0.11
2016-01-17 04	0.16
2016-01-17 05	0.42
2016-01-17 06	0.65
2016-01-17 07	0.51
2016-01-17 08	0.33
2016-01-17 09	0.30
2016-01-17 10	0.30
2016-01-17 11	0.24
2016-01-17 12	0.22
2016-01-17 13	0.27
2016-01-17 14	0.34
2016-01-17 15	0.35
2016-01-17 16	0.36
2016-01-17 17	0.36
2016-01-17 18	0.33
2016-01-17 19	0.29
2016-01-17 20	0.30
2016-01-17 21	0.28
2016-01-17 22	0.30
2016-01-17 23	0.33
2016-01-18 00	0.26
2016-01-18 01	0.16
2016-01-18 02	0.08
2016-01-18 03	0.14
2016-01-18 04	0.40
2016-01-18 05	0.82
2016-01-18 06	0.69
2016-01-18 07	0.48
2016-01-18 08	0.38
2016-01-18 09	0.33
2016-01-18 10	0.33
2016-01-18 11	0.33
2016-01-18 12	0.30
2016-01-18 13	0.36
2016-01-18 14	0.41
2016-01-18 15	0.39
2016-01-18 16	0.41
2016-01-18 17	0.38
2016-01-18 18	0.32
2016-01-18 19	0.30
2016-01-18 20	0.36
2016-01-18 21	0.34
2016-01-18 22	0.41
2016-01-18 23	0.52
2016-01-19 00	0.62
2016-01-19 01	0.41
2016-01-19 02	0.10
2016-01-19 03	0.12
2016-01-19 04	0.46
2016-01-19 05	0.71
2016-01-19 06	0.40
2016-01-19 07	0.24
2016-01-19 08	0.22
2016-01-19 09	0.30
2016-01-19 10	0.32
2016-01-19 11	0.40
2016-01-19 12	0.36
2016-01-19 13	0.36
2016-01-19 14	0.38
2016-01-19 15	0.39
2016-01-19 16	0.39
2016-01-19 17	0.38
2016-01-19 18	0.30
2016-01-19 19	0.26
2016-01-19 20	0.27
2016-01-19 21	0.27
2016-01-19 22	0.24
2016-01-19 23	0.32
2016-01-20 00	0.38
2016-01-20 01	0.21
2016-01-20 02	0.11
2016-01-20 03	0.14
2016-01-20 04	0.52
2016-01-20 05	0.82
2016-01-20 06	0.42
2016-01-20 07	0.28
2016-01-20 08	0.25
2016-01-20 09	0.29
2016-01-20 10	0.32
2016-01-20 11	0.40
2016-01-20 12	0.35
2016-01-20 13	0.39
2016-01-20 14	0.46
2016-01-20 15	0.44
2016-01-20 16	0.51
2016-01-20 17	0.41
2016-01-20 18	0.28
2016-01-20 19	0.26
2016-01-20 20	0.26
2016-01-20 21	0.25
2016-01-20 22	0.23
2016-01-20 23	0.26
2016-01-21 00	0.25
2016-01-21 01	0.17
2016-01-21 02	0.12
2016-01-21 03	0.13
2016-01-21 04	0.41
2016-01-21 05	0.62
2016-01-21 06	0.40
2016-01-21 07	0.24
2016-01-21 08	0.20
2016-01-21 09	0.24
2016-01-21 10	0.27
2016-01-21 11	0.32
2016-01-21 12	0.33
2016-01-21 13	0.42
2016-01-21 14	0.48
2016-01-21 15	0.44
2016-01-21 16	0.53
2016-01-21 17	0.39
2016-01-21 18	0.31
2016-01-21 19	0.26
2016-01-21 20	0.27
2016-01-21 21	0.28
2016-01-21 22	0.27
2016-01-21 23	0.27
2016-01-22 00	0.27
2016-01-22 01	0.18
2016-01-22 02	0.11
2016-01-22 03	0.16
2016-01-22 04	0.44
2016-01-22 05	0.71
2016-01-22 06	0.46
2016-01-22 07	0.25
2016-01-22 08	0.21
2016-01-22 09	0.26
2016-01-22 10	0.28
2016-01-22 11	0.33
2016-01-22 12	0.34
2016-01-22 13	0.33
2016-01-22 14	0.37
2016-01-22 15	0.37
2016-01-22 16	0.45
2016-01-22 17	0.37
2016-01-22 18	0.25
2016-01-22 19	0.25
2016-01-22 20	0.23
2016-01-22 21	0.18
2016-01-22 22	0.14
2016-01-22 23	0.14
2016-01-23 00	0.16
2016-01-23 01	0.14
2016-01-23 02	0.12
2016-01-23 03	0.10
2016-01-23 04	0.11
2016-01-23 05	0.18
2016-01-23 06	0.20
2016-01-23 07	0.13
2016-01-23 08	0.11
2016-01-23 09	0.05
2016-01-23 10	0.06
2016-01-23 11	0.07
2016-01-23 12	0.05
2016-01-23 13	0.06
2016-01-23 14	0.05
2016-01-23 15	0.06
2016-01-23 16	0.18
2016-01-23 17	0.17
2016-01-23 18	0.00
2016-01-23 19	0.39
2016-01-23 20	0.11
2016-01-23 21	0.00
2016-01-23 22	0.12
2016-01-23 23	0.20
2016-01-24 00	0.08
2016-01-24 01	0.24
2016-01-24 02	0.00
2016-01-24 03	0.00
2016-01-24 04	0.00
2016-01-24 05	0.19
2016-01-24 06	0.06
2016-01-24 07	0.20
2016-01-24 08	0.25
2016-01-24 09	0.23
2016-01-24 10	0.15
2016-01-24 11	0.17
2016-01-24 12	0.17
2016-01-24 13	0.18
2016-01-24 14	0.21
2016-01-24 15	0.26
2016-01-24 16	0.26
2016-01-24 17	0.29
2016-01-24 18	0.24
2016-01-24 19	0.26
2016-01-24 20	0.26
2016-01-24 21	0.30
2016-01-24 22	0.30
2016-01-24 23	0.39
2016-01-25 00	0.36
2016-01-25 01	0.41
2016-01-25 02	0.35
2016-01-25 03	0.35
2016-01-25 04	0.56
2016-01-25 05	0.64
2016-01-25 06	0.53
2016-01-25 07	0.38
2016-01-25 08	0.39
2016-01-25 09	0.44
2016-01-25 10	0.53
2016-01-25 11	0.51
2016-01-25 12	0.51
2016-01-25 13	0.52
2016-01-25 14	0.57
2016-01-25 15	0.52
2016-01-25 16	0.53
2016-01-25 17	0.45
2016-01-25 18	0.34
2016-01-25 19	0.27
2016-01-25 20	0.27
2016-01-25 21	0.29
2016-01-25 22	0.30
2016-01-25 23	0.38
2016-01-26 00	0.69
2016-01-26 01	0.52
2016-01-26 02	0.20
2016-01-26 03	0.16
2016-01-26 04	0.54
2016-01-26 05	0.63
2016-01-26 06	0.39
2016-01-26 07	0.28
2016-01-26 08	0.30
2016-01-26 09	0.35
2016-01-26 10	0.42
2016-01-26 11	0.40
2016-01-26 12	0.44
2016-01-26 13	0.46
2016-01-26 14	0.49
2016-01-26 15	0.44
2016-01-26 16	0.48
2016-01-26 17	0.39
2016-01-26 18	0.32
2016-01-26 19	0.30
2016-01-26 20	0.27
2016-01-26 21	0.28
2016-01-26 22	0.27
2016-01-26 23	0.31
2016-01-27 00	0.33
2016-01-27 01	0.18
2016-01-27 02	0.19
2016-01-27 03	0.13
2016-01-27 04	0.41
2016-01-27 05	0.55
2016-01-27 06	0.34
2016-01-27 07	0.22
2016-01-27 08	0.22
2016-01-27 09	0.26
2016-01-27 10	0.27
2016-01-27 11	0.33
2016-01-27 12	0.32
2016-01-27 13	0.36
2016-01-27 14	0.40
2016-01-27 15	0.38
2016-01-27 16	0.49
2016-01-27 17	0.43
2016-01-27 18	0.30
2016-01-27 19	0.28
2016-01-27 20	0.26
2016-01-27 21	0.24
2016-01-27 22	0.26
2016-01-27 23	0.23
2016-01-28 00	0.25
2016-01-28 01	0.17
2016-01-28 02	0.14
2016-01-28 03	0.16
2016-01-28 04	0.35
2016-01-28 05	0.66
2016-01-28 06	0.40
2016-01-28 07	0.26
2016-01-28 08	0.18
2016-01-28 09	0.26
2016-01-28 10	0.33
2016-01-28 11	0.36
2016-01-28 12	0.31
2016-01-28 13	0.41
2016-01-28 14	0.41
2016-01-28 15	0.51
2016-01-28 16	0.55
2016-01-28 17	0.40
2016-01-28 18	0.34
2016-01-28 19	0.26
2016-01-28 20	0.26
2016-01-28 21	0.26
2016-01-28 22	0.26
2016-01-28 23	0.28
2016-01-29 00	0.23
2016-01-29 01	0.16
2016-01-29 02	0.14
2016-01-29 03	0.14
2016-01-29 04	0.35
2016-01-29 05	0.63
2016-01-29 06	0.45
2016-01-29 07	0.27
2016-01-29 08	0.21
2016-01-29 09	0.24
2016-01-29 10	0.29
2016-01-29 11	0.35
2016-01-29 12	0.33
2016-01-29 13	0.37
2016-01-29 14	0.38
2016-01-29 15	0.41
2016-01-29 16	0.49
2016-01-29 17	0.34
2016-01-29 18	0.27
2016-01-29 19	0.25
2016-01-29 20	0.21
2016-01-29 21	0.24
2016-01-29 22	0.21
2016-01-29 23	0.20
2016-01-30 00	0.19
2016-01-30 01	0.14
2016-01-30 02	0.09
2016-01-30 03	0.10
2016-01-30 04	0.15
2016-01-30 05	0.41
2016-01-30 06	0.63
2016-01-30 07	0.41
2016-01-30 08	0.27
2016-01-30 09	0.18
2016-01-30 10	0.19
2016-01-30 11	0.19
2016-01-30 12	0.15
2016-01-30 13	0.16
2016-01-30 14	0.22
2016-01-30 15	0.25
2016-01-30 16	0.23
2016-01-30 17	0.21
2016-01-30 18	0.16
2016-01-30 19	0.12
2016-01-30 20	0.16
2016-01-30 21	0.16
2016-01-30 22	0.13
2016-01-30 23	0.12
2016-01-31 00	0.12
2016-01-31 01	0.10
2016-01-31 02	0.11
2016-01-31 03	0.10
2016-01-31 04	0.15
2016-01-31 05	0.35
2016-01-31 06	0.65
2016-01-31 07	0.46
2016-01-31 08	0.39
2016-01-31 09	0.28
2016-01-31 10	0.26
2016-01-31 11	0.24
2016-01-31 12	0.28
2016-01-31 13	0.31
2016-01-31 14	0.37
2016-01-31 15	0.44
2016-01-31 16	0.48
2016-01-31 17	0.44
2016-01-31 18	0.40
2016-01-31 19	0.36
2016-01-31 20	0.43
2016-01-31 21	0.35
2016-01-31 22	0.39
2016-01-31 23	0.46
